{"/Users/hyoeun/inplace/Team7_FE/src/api/hooks/useDeleteReview.ts": {"path":"/Users/hyoeun/inplace/Team7_FE/src/api/hooks/useDeleteReview.ts","all":false,"statementMap":{"0":{"start":{"line":1,"column":0},"end":{"line":1,"column":52}},"1":{"start":{"line":2,"column":0},"end":{"line":2,"column":0}},"2":{"start":{"line":3,"column":0},"end":{"line":3,"column":44}},"3":{"start":{"line":4,"column":0},"end":{"line":4,"column":0}},"4":{"start":{"line":5,"column":0},"end":{"line":5,"column":65}},"5":{"start":{"line":6,"column":0},"end":{"line":6,"column":44}},"6":{"start":{"line":7,"column":0},"end":{"line":7,"column":68}},"7":{"start":{"line":8,"column":0},"end":{"line":8,"column":23}},"8":{"start":{"line":9,"column":0},"end":{"line":9,"column":2}},"9":{"start":{"line":10,"column":0},"end":{"line":10,"column":0}},"10":{"start":{"line":11,"column":0},"end":{"line":11,"column":38}},"11":{"start":{"line":12,"column":0},"end":{"line":12,"column":22}},"12":{"start":{"line":13,"column":0},"end":{"line":13,"column":49}},"13":{"start":{"line":14,"column":0},"end":{"line":14,"column":5}},"14":{"start":{"line":15,"column":0},"end":{"line":15,"column":2}}},"s":{"0":1,"1":1,"2":1,"3":1,"4":1,"5":1,"6":1,"7":1,"8":1,"9":1,"10":1,"11":8,"12":8,"13":8,"14":8},"branchMap":{"0":{"type":"branch","line":5,"loc":{"start":{"line":5,"column":32},"end":{"line":5,"column":64}},"locations":[{"start":{"line":5,"column":32},"end":{"line":5,"column":64}}]},"1":{"type":"branch","line":6,"loc":{"start":{"line":6,"column":21},"end":{"line":9,"column":2}},"locations":[{"start":{"line":6,"column":21},"end":{"line":9,"column":2}}]},"2":{"type":"branch","line":11,"loc":{"start":{"line":11,"column":31},"end":{"line":15,"column":2}},"locations":[{"start":{"line":11,"column":31},"end":{"line":15,"column":2}}]},"3":{"type":"branch","line":13,"loc":{"start":{"line":13,"column":16},"end":{"line":13,"column":48}},"locations":[{"start":{"line":13,"column":16},"end":{"line":13,"column":48}}]}},"b":{"0":[1],"1":[1],"2":[8],"3":[1]},"fnMap":{"0":{"name":"deleteReviewPath","decl":{"start":{"line":5,"column":32},"end":{"line":5,"column":64}},"loc":{"start":{"line":5,"column":32},"end":{"line":5,"column":64}},"line":5},"1":{"name":"deleteReview","decl":{"start":{"line":6,"column":21},"end":{"line":9,"column":2}},"loc":{"start":{"line":6,"column":21},"end":{"line":9,"column":2}},"line":6},"2":{"name":"useDeleteReview","decl":{"start":{"line":11,"column":31},"end":{"line":15,"column":2}},"loc":{"start":{"line":11,"column":31},"end":{"line":15,"column":2}},"line":11},"3":{"name":"mutationFn","decl":{"start":{"line":13,"column":16},"end":{"line":13,"column":48}},"loc":{"start":{"line":13,"column":16},"end":{"line":13,"column":48}},"line":13}},"f":{"0":1,"1":1,"2":8,"3":1}}
,"/Users/hyoeun/inplace/Team7_FE/src/api/hooks/useGetAroundVideo.ts": {"path":"/Users/hyoeun/inplace/Team7_FE/src/api/hooks/useGetAroundVideo.ts","all":false,"statementMap":{"0":{"start":{"line":1,"column":0},"end":{"line":1,"column":49}},"1":{"start":{"line":2,"column":0},"end":{"line":2,"column":0}},"2":{"start":{"line":3,"column":0},"end":{"line":3,"column":44}},"3":{"start":{"line":4,"column":0},"end":{"line":4,"column":39}},"4":{"start":{"line":5,"column":0},"end":{"line":5,"column":0}},"5":{"start":{"line":6,"column":0},"end":{"line":6,"column":50}},"6":{"start":{"line":7,"column":0},"end":{"line":7,"column":0}},"7":{"start":{"line":8,"column":0},"end":{"line":8,"column":67}},"8":{"start":{"line":9,"column":0},"end":{"line":9,"column":38}},"9":{"start":{"line":10,"column":0},"end":{"line":10,"column":30}},"10":{"start":{"line":11,"column":0},"end":{"line":11,"column":29}},"11":{"start":{"line":12,"column":0},"end":{"line":12,"column":5}},"12":{"start":{"line":13,"column":0},"end":{"line":13,"column":105}},"13":{"start":{"line":14,"column":0},"end":{"line":14,"column":33}},"14":{"start":{"line":15,"column":0},"end":{"line":15,"column":23}},"15":{"start":{"line":16,"column":0},"end":{"line":16,"column":2}},"16":{"start":{"line":17,"column":0},"end":{"line":17,"column":0}},"17":{"start":{"line":18,"column":0},"end":{"line":18,"column":82}},"18":{"start":{"line":19,"column":0},"end":{"line":19,"column":19}},"19":{"start":{"line":20,"column":0},"end":{"line":20,"column":40}},"20":{"start":{"line":21,"column":0},"end":{"line":21,"column":44}},"21":{"start":{"line":22,"column":0},"end":{"line":22,"column":29}},"22":{"start":{"line":23,"column":0},"end":{"line":23,"column":12}},"23":{"start":{"line":24,"column":0},"end":{"line":24,"column":5}},"24":{"start":{"line":25,"column":0},"end":{"line":25,"column":2}}},"s":{"0":1,"1":1,"2":1,"3":1,"4":1,"5":1,"6":1,"7":1,"8":0,"9":0,"10":0,"11":0,"12":0,"13":0,"14":0,"15":0,"16":1,"17":1,"18":0,"19":0,"20":0,"21":0,"22":0,"23":0,"24":0},"branchMap":{"0":{"type":"branch","line":6,"loc":{"start":{"line":6,"column":34},"end":{"line":6,"column":49}},"locations":[{"start":{"line":6,"column":34},"end":{"line":6,"column":49}}]}},"b":{"0":[4]},"fnMap":{"0":{"name":"getAroundVideoPath","decl":{"start":{"line":6,"column":34},"end":{"line":6,"column":49}},"loc":{"start":{"line":6,"column":34},"end":{"line":6,"column":49}},"line":6},"1":{"name":"getAroundVideo","decl":{"start":{"line":8,"column":30},"end":{"line":16,"column":2}},"loc":{"start":{"line":8,"column":30},"end":{"line":16,"column":2}},"line":8},"2":{"name":"useGetAroundVideo","decl":{"start":{"line":18,"column":33},"end":{"line":25,"column":2}},"loc":{"start":{"line":18,"column":33},"end":{"line":25,"column":2}},"line":18}},"f":{"0":4,"1":0,"2":0}}
,"/Users/hyoeun/inplace/Team7_FE/src/api/hooks/useGetLogoutVideo.ts": {"path":"/Users/hyoeun/inplace/Team7_FE/src/api/hooks/useGetLogoutVideo.ts","all":false,"statementMap":{"0":{"start":{"line":1,"column":0},"end":{"line":1,"column":51}},"1":{"start":{"line":2,"column":0},"end":{"line":2,"column":0}},"2":{"start":{"line":3,"column":0},"end":{"line":3,"column":44}},"3":{"start":{"line":4,"column":0},"end":{"line":4,"column":39}},"4":{"start":{"line":5,"column":0},"end":{"line":5,"column":0}},"5":{"start":{"line":6,"column":0},"end":{"line":6,"column":53}},"6":{"start":{"line":7,"column":0},"end":{"line":7,"column":51}},"7":{"start":{"line":8,"column":0},"end":{"line":8,"column":0}},"8":{"start":{"line":9,"column":0},"end":{"line":9,"column":41}},"9":{"start":{"line":10,"column":0},"end":{"line":10,"column":77}},"10":{"start":{"line":11,"column":0},"end":{"line":11,"column":23}},"11":{"start":{"line":12,"column":0},"end":{"line":12,"column":2}},"12":{"start":{"line":13,"column":0},"end":{"line":13,"column":40}},"13":{"start":{"line":14,"column":0},"end":{"line":14,"column":76}},"14":{"start":{"line":15,"column":0},"end":{"line":15,"column":23}},"15":{"start":{"line":16,"column":0},"end":{"line":16,"column":2}},"16":{"start":{"line":17,"column":0},"end":{"line":17,"column":56}},"17":{"start":{"line":18,"column":0},"end":{"line":18,"column":21}},"18":{"start":{"line":19,"column":0},"end":{"line":19,"column":14}},"19":{"start":{"line":20,"column":0},"end":{"line":20,"column":92}},"20":{"start":{"line":21,"column":0},"end":{"line":21,"column":90}},"21":{"start":{"line":22,"column":0},"end":{"line":22,"column":6}},"22":{"start":{"line":23,"column":0},"end":{"line":23,"column":5}},"23":{"start":{"line":24,"column":0},"end":{"line":24,"column":2}}},"s":{"0":1,"1":1,"2":1,"3":1,"4":1,"5":1,"6":1,"7":1,"8":1,"9":0,"10":0,"11":0,"12":1,"13":0,"14":0,"15":0,"16":1,"17":1,"18":1,"19":1,"20":1,"21":1,"22":1,"23":1},"branchMap":{"0":{"type":"branch","line":6,"loc":{"start":{"line":6,"column":32},"end":{"line":6,"column":52}},"locations":[{"start":{"line":6,"column":32},"end":{"line":6,"column":52}}]},"1":{"type":"branch","line":7,"loc":{"start":{"line":7,"column":31},"end":{"line":7,"column":50}},"locations":[{"start":{"line":7,"column":31},"end":{"line":7,"column":50}}]},"2":{"type":"branch","line":17,"loc":{"start":{"line":17,"column":33},"end":{"line":24,"column":2}},"locations":[{"start":{"line":17,"column":33},"end":{"line":24,"column":2}}]}},"b":{"0":[4],"1":[4],"2":[1]},"fnMap":{"0":{"name":"getCoolVideoPath","decl":{"start":{"line":6,"column":32},"end":{"line":6,"column":52}},"loc":{"start":{"line":6,"column":32},"end":{"line":6,"column":52}},"line":6},"1":{"name":"getNewVideoPath","decl":{"start":{"line":7,"column":31},"end":{"line":7,"column":50}},"loc":{"start":{"line":7,"column":31},"end":{"line":7,"column":50}},"line":7},"2":{"name":"getCoolVideo","decl":{"start":{"line":9,"column":28},"end":{"line":12,"column":2}},"loc":{"start":{"line":9,"column":28},"end":{"line":12,"column":2}},"line":9},"3":{"name":"getNewVideo","decl":{"start":{"line":13,"column":27},"end":{"line":16,"column":2}},"loc":{"start":{"line":13,"column":27},"end":{"line":16,"column":2}},"line":13},"4":{"name":"useGetLogoutVideo","decl":{"start":{"line":17,"column":33},"end":{"line":24,"column":2}},"loc":{"start":{"line":17,"column":33},"end":{"line":24,"column":2}},"line":17}},"f":{"0":4,"1":4,"2":0,"3":0,"4":1}}
,"/Users/hyoeun/inplace/Team7_FE/src/api/hooks/useGetMain.ts": {"path":"/Users/hyoeun/inplace/Team7_FE/src/api/hooks/useGetMain.ts","all":false,"statementMap":{"0":{"start":{"line":1,"column":0},"end":{"line":1,"column":59}},"1":{"start":{"line":2,"column":0},"end":{"line":2,"column":0}},"2":{"start":{"line":3,"column":0},"end":{"line":3,"column":44}},"3":{"start":{"line":4,"column":0},"end":{"line":4,"column":45}},"4":{"start":{"line":5,"column":0},"end":{"line":5,"column":0}},"5":{"start":{"line":6,"column":0},"end":{"line":6,"column":46}},"6":{"start":{"line":7,"column":0},"end":{"line":7,"column":54}},"7":{"start":{"line":8,"column":0},"end":{"line":8,"column":0}},"8":{"start":{"line":9,"column":0},"end":{"line":9,"column":41}},"9":{"start":{"line":10,"column":0},"end":{"line":10,"column":79}},"10":{"start":{"line":11,"column":0},"end":{"line":11,"column":26}},"11":{"start":{"line":12,"column":0},"end":{"line":12,"column":5}},"12":{"start":{"line":13,"column":0},"end":{"line":13,"column":42}},"13":{"start":{"line":14,"column":0},"end":{"line":14,"column":37}},"14":{"start":{"line":15,"column":0},"end":{"line":15,"column":33}},"15":{"start":{"line":16,"column":0},"end":{"line":16,"column":8}},"16":{"start":{"line":17,"column":0},"end":{"line":17,"column":84}},"17":{"start":{"line":18,"column":0},"end":{"line":18,"column":23}},"18":{"start":{"line":19,"column":0},"end":{"line":19,"column":2}},"19":{"start":{"line":20,"column":0},"end":{"line":20,"column":33}},"20":{"start":{"line":21,"column":0},"end":{"line":21,"column":29}},"21":{"start":{"line":22,"column":0},"end":{"line":22,"column":14}},"22":{"start":{"line":23,"column":0},"end":{"line":23,"column":10}},"23":{"start":{"line":24,"column":0},"end":{"line":24,"column":33}},"24":{"start":{"line":25,"column":0},"end":{"line":25,"column":30}},"25":{"start":{"line":26,"column":0},"end":{"line":26,"column":36}},"26":{"start":{"line":27,"column":0},"end":{"line":27,"column":11}},"27":{"start":{"line":28,"column":0},"end":{"line":28,"column":7}},"28":{"start":{"line":29,"column":0},"end":{"line":29,"column":34}},"29":{"start":{"line":30,"column":0},"end":{"line":30,"column":31}},"30":{"start":{"line":31,"column":0},"end":{"line":31,"column":33}},"31":{"start":{"line":32,"column":0},"end":{"line":32,"column":8}},"32":{"start":{"line":33,"column":0},"end":{"line":33,"column":6}},"33":{"start":{"line":34,"column":0},"end":{"line":34,"column":5}},"34":{"start":{"line":35,"column":0},"end":{"line":35,"column":2}}},"s":{"0":1,"1":1,"2":1,"3":1,"4":1,"5":1,"6":1,"7":1,"8":1,"9":1,"10":1,"11":1,"12":1,"13":1,"14":1,"15":1,"16":1,"17":1,"18":1,"19":1,"20":2,"21":2,"22":2,"23":2,"24":2,"25":2,"26":2,"27":2,"28":2,"29":2,"30":2,"31":2,"32":2,"33":2,"34":2},"branchMap":{"0":{"type":"branch","line":6,"loc":{"start":{"line":6,"column":29},"end":{"line":6,"column":45}},"locations":[{"start":{"line":6,"column":29},"end":{"line":6,"column":45}}]},"1":{"type":"branch","line":7,"loc":{"start":{"line":7,"column":33},"end":{"line":7,"column":53}},"locations":[{"start":{"line":7,"column":33},"end":{"line":7,"column":53}}]},"2":{"type":"branch","line":13,"loc":{"start":{"line":13,"column":29},"end":{"line":19,"column":2}},"locations":[{"start":{"line":13,"column":29},"end":{"line":19,"column":2}}]},"3":{"type":"branch","line":20,"loc":{"start":{"line":20,"column":26},"end":{"line":35,"column":2}},"locations":[{"start":{"line":20,"column":26},"end":{"line":35,"column":2}}]}},"b":{"0":[4],"1":[5],"2":[1],"3":[2]},"fnMap":{"0":{"name":"getBannerPath","decl":{"start":{"line":6,"column":29},"end":{"line":6,"column":45}},"loc":{"start":{"line":6,"column":29},"end":{"line":6,"column":45}},"line":6},"1":{"name":"getInfluencerPath","decl":{"start":{"line":7,"column":33},"end":{"line":7,"column":53}},"loc":{"start":{"line":7,"column":33},"end":{"line":7,"column":53}},"line":7},"2":{"name":"getInfluencer","decl":{"start":{"line":13,"column":29},"end":{"line":19,"column":2}},"loc":{"start":{"line":13,"column":29},"end":{"line":19,"column":2}},"line":13},"3":{"name":"useGetMain","decl":{"start":{"line":20,"column":26},"end":{"line":35,"column":2}},"loc":{"start":{"line":20,"column":26},"end":{"line":35,"column":2}},"line":20}},"f":{"0":4,"1":5,"2":1,"3":2}}
,"/Users/hyoeun/inplace/Team7_FE/src/api/hooks/useGetMyInfluencerVideo.ts": {"path":"/Users/hyoeun/inplace/Team7_FE/src/api/hooks/useGetMyInfluencerVideo.ts","all":false,"statementMap":{"0":{"start":{"line":1,"column":0},"end":{"line":1,"column":49}},"1":{"start":{"line":2,"column":0},"end":{"line":2,"column":0}},"2":{"start":{"line":3,"column":0},"end":{"line":3,"column":44}},"3":{"start":{"line":4,"column":0},"end":{"line":4,"column":39}},"4":{"start":{"line":5,"column":0},"end":{"line":5,"column":0}},"5":{"start":{"line":6,"column":0},"end":{"line":6,"column":59}},"6":{"start":{"line":7,"column":0},"end":{"line":7,"column":0}},"7":{"start":{"line":8,"column":0},"end":{"line":8,"column":49}},"8":{"start":{"line":9,"column":0},"end":{"line":9,"column":85}},"9":{"start":{"line":10,"column":0},"end":{"line":10,"column":23}},"10":{"start":{"line":11,"column":0},"end":{"line":11,"column":2}},"11":{"start":{"line":12,"column":0},"end":{"line":12,"column":62}},"12":{"start":{"line":13,"column":0},"end":{"line":13,"column":19}},"13":{"start":{"line":14,"column":0},"end":{"line":14,"column":36}},"14":{"start":{"line":15,"column":0},"end":{"line":15,"column":34}},"15":{"start":{"line":16,"column":0},"end":{"line":16,"column":29}},"16":{"start":{"line":17,"column":0},"end":{"line":17,"column":12}},"17":{"start":{"line":18,"column":0},"end":{"line":18,"column":5}},"18":{"start":{"line":19,"column":0},"end":{"line":19,"column":2}}},"s":{"0":1,"1":1,"2":1,"3":1,"4":1,"5":1,"6":1,"7":1,"8":1,"9":1,"10":1,"11":1,"12":1,"13":1,"14":1,"15":1,"16":1,"17":1,"18":1},"branchMap":{"0":{"type":"branch","line":6,"loc":{"start":{"line":6,"column":40},"end":{"line":6,"column":58}},"locations":[{"start":{"line":6,"column":40},"end":{"line":6,"column":58}}]},"1":{"type":"branch","line":8,"loc":{"start":{"line":8,"column":36},"end":{"line":11,"column":2}},"locations":[{"start":{"line":8,"column":36},"end":{"line":11,"column":2}}]},"2":{"type":"branch","line":12,"loc":{"start":{"line":12,"column":39},"end":{"line":19,"column":2}},"locations":[{"start":{"line":12,"column":39},"end":{"line":19,"column":2}}]}},"b":{"0":[5],"1":[1],"2":[1]},"fnMap":{"0":{"name":"getMyInfluencerVideoPath","decl":{"start":{"line":6,"column":40},"end":{"line":6,"column":58}},"loc":{"start":{"line":6,"column":40},"end":{"line":6,"column":58}},"line":6},"1":{"name":"getMyInfluencerVideo","decl":{"start":{"line":8,"column":36},"end":{"line":11,"column":2}},"loc":{"start":{"line":8,"column":36},"end":{"line":11,"column":2}},"line":8},"2":{"name":"useGetMyInfluencerVideo","decl":{"start":{"line":12,"column":39},"end":{"line":19,"column":2}},"loc":{"start":{"line":12,"column":39},"end":{"line":19,"column":2}},"line":12}},"f":{"0":5,"1":1,"2":1}}
,"/Users/hyoeun/inplace/Team7_FE/src/api/hooks/useGetPlaceInfo.ts": {"path":"/Users/hyoeun/inplace/Team7_FE/src/api/hooks/useGetPlaceInfo.ts","all":false,"statementMap":{"0":{"start":{"line":1,"column":0},"end":{"line":1,"column":57}},"1":{"start":{"line":2,"column":0},"end":{"line":2,"column":36}},"2":{"start":{"line":3,"column":0},"end":{"line":3,"column":44}},"3":{"start":{"line":4,"column":0},"end":{"line":4,"column":0}},"4":{"start":{"line":5,"column":0},"end":{"line":5,"column":64}},"5":{"start":{"line":6,"column":0},"end":{"line":6,"column":51}},"6":{"start":{"line":7,"column":0},"end":{"line":7,"column":76}},"7":{"start":{"line":8,"column":0},"end":{"line":8,"column":23}},"8":{"start":{"line":9,"column":0},"end":{"line":9,"column":2}},"9":{"start":{"line":10,"column":0},"end":{"line":10,"column":48}},"10":{"start":{"line":11,"column":0},"end":{"line":11,"column":92}},"11":{"start":{"line":12,"column":0},"end":{"line":12,"column":2}}},"s":{"0":1,"1":1,"2":1,"3":1,"4":1,"5":1,"6":0,"7":0,"8":0,"9":1,"10":0,"11":0},"branchMap":{"0":{"type":"branch","line":5,"loc":{"start":{"line":5,"column":32},"end":{"line":5,"column":63}},"locations":[{"start":{"line":5,"column":32},"end":{"line":5,"column":63}}]}},"b":{"0":[4]},"fnMap":{"0":{"name":"getPlaceInfoPath","decl":{"start":{"line":5,"column":32},"end":{"line":5,"column":63}},"loc":{"start":{"line":5,"column":32},"end":{"line":5,"column":63}},"line":5},"1":{"name":"getPlaceInfo","decl":{"start":{"line":6,"column":28},"end":{"line":9,"column":2}},"loc":{"start":{"line":6,"column":28},"end":{"line":9,"column":2}},"line":6},"2":{"name":"useGetPlaceInfo","decl":{"start":{"line":10,"column":31},"end":{"line":12,"column":2}},"loc":{"start":{"line":10,"column":31},"end":{"line":12,"column":2}},"line":10}},"f":{"0":4,"1":0,"2":0}}
,"/Users/hyoeun/inplace/Team7_FE/src/api/hooks/useGetReview.ts": {"path":"/Users/hyoeun/inplace/Team7_FE/src/api/hooks/useGetReview.ts","all":false,"statementMap":{"0":{"start":{"line":1,"column":0},"end":{"line":1,"column":57}},"1":{"start":{"line":2,"column":0},"end":{"line":2,"column":44}},"2":{"start":{"line":3,"column":0},"end":{"line":3,"column":37}},"3":{"start":{"line":4,"column":0},"end":{"line":4,"column":0}},"4":{"start":{"line":5,"column":0},"end":{"line":5,"column":74}},"5":{"start":{"line":6,"column":0},"end":{"line":6,"column":48}},"6":{"start":{"line":7,"column":0},"end":{"line":7,"column":76}},"7":{"start":{"line":8,"column":0},"end":{"line":8,"column":23}},"8":{"start":{"line":9,"column":0},"end":{"line":9,"column":2}},"9":{"start":{"line":10,"column":0},"end":{"line":10,"column":45}},"10":{"start":{"line":11,"column":0},"end":{"line":11,"column":86}},"11":{"start":{"line":12,"column":0},"end":{"line":12,"column":2}}},"s":{"0":1,"1":1,"2":1,"3":1,"4":1,"5":1,"6":0,"7":0,"8":0,"9":1,"10":0,"11":0},"branchMap":{"0":{"type":"branch","line":5,"loc":{"start":{"line":5,"column":29},"end":{"line":5,"column":73}},"locations":[{"start":{"line":5,"column":29},"end":{"line":5,"column":73}}]}},"b":{"0":[4]},"fnMap":{"0":{"name":"getReviewPath","decl":{"start":{"line":5,"column":29},"end":{"line":5,"column":73}},"loc":{"start":{"line":5,"column":29},"end":{"line":5,"column":73}},"line":5},"1":{"name":"getReview","decl":{"start":{"line":6,"column":25},"end":{"line":9,"column":2}},"loc":{"start":{"line":6,"column":25},"end":{"line":9,"column":2}},"line":6},"2":{"name":"useGetReview","decl":{"start":{"line":10,"column":28},"end":{"line":12,"column":2}},"loc":{"start":{"line":10,"column":28},"end":{"line":12,"column":2}},"line":10}},"f":{"0":4,"1":0,"2":0}}
,"/Users/hyoeun/inplace/Team7_FE/src/api/hooks/useGetUserInfluencer.ts": {"path":"/Users/hyoeun/inplace/Team7_FE/src/api/hooks/useGetUserInfluencer.ts","all":false,"statementMap":{"0":{"start":{"line":1,"column":0},"end":{"line":1,"column":57}},"1":{"start":{"line":2,"column":0},"end":{"line":2,"column":44}},"2":{"start":{"line":3,"column":0},"end":{"line":3,"column":45}},"3":{"start":{"line":4,"column":0},"end":{"line":4,"column":0}},"4":{"start":{"line":5,"column":0},"end":{"line":5,"column":64}},"5":{"start":{"line":6,"column":0},"end":{"line":6,"column":46}},"6":{"start":{"line":7,"column":0},"end":{"line":7,"column":88}},"7":{"start":{"line":8,"column":0},"end":{"line":8,"column":23}},"8":{"start":{"line":9,"column":0},"end":{"line":9,"column":2}},"9":{"start":{"line":10,"column":0},"end":{"line":10,"column":43}},"10":{"start":{"line":11,"column":0},"end":{"line":11,"column":96}},"11":{"start":{"line":12,"column":0},"end":{"line":12,"column":2}}},"s":{"0":1,"1":1,"2":1,"3":1,"4":1,"5":1,"6":0,"7":0,"8":0,"9":1,"10":0,"11":0},"branchMap":{"0":{"type":"branch","line":5,"loc":{"start":{"line":5,"column":37},"end":{"line":5,"column":63}},"locations":[{"start":{"line":5,"column":37},"end":{"line":5,"column":63}}]}},"b":{"0":[4]},"fnMap":{"0":{"name":"getUserInfluencerPath","decl":{"start":{"line":5,"column":37},"end":{"line":5,"column":63}},"loc":{"start":{"line":5,"column":37},"end":{"line":5,"column":63}},"line":5},"1":{"name":"getUserInfluencer","decl":{"start":{"line":6,"column":33},"end":{"line":9,"column":2}},"loc":{"start":{"line":6,"column":33},"end":{"line":9,"column":2}},"line":6},"2":{"name":"useGetUserInfluencer","decl":{"start":{"line":10,"column":36},"end":{"line":12,"column":2}},"loc":{"start":{"line":10,"column":36},"end":{"line":12,"column":2}},"line":10}},"f":{"0":4,"1":0,"2":0}}
,"/Users/hyoeun/inplace/Team7_FE/src/api/hooks/useGetUserInfo.ts": {"path":"/Users/hyoeun/inplace/Team7_FE/src/api/hooks/useGetUserInfo.ts","all":false,"statementMap":{"0":{"start":{"line":1,"column":0},"end":{"line":1,"column":57}},"1":{"start":{"line":2,"column":0},"end":{"line":2,"column":44}},"2":{"start":{"line":3,"column":0},"end":{"line":3,"column":39}},"3":{"start":{"line":4,"column":0},"end":{"line":4,"column":0}},"4":{"start":{"line":5,"column":0},"end":{"line":5,"column":51}},"5":{"start":{"line":6,"column":0},"end":{"line":6,"column":40}},"6":{"start":{"line":7,"column":0},"end":{"line":7,"column":76}},"7":{"start":{"line":8,"column":0},"end":{"line":8,"column":23}},"8":{"start":{"line":9,"column":0},"end":{"line":9,"column":2}},"9":{"start":{"line":10,"column":0},"end":{"line":10,"column":37}},"10":{"start":{"line":11,"column":0},"end":{"line":11,"column":84}},"11":{"start":{"line":12,"column":0},"end":{"line":12,"column":2}}},"s":{"0":1,"1":1,"2":1,"3":1,"4":1,"5":1,"6":0,"7":0,"8":0,"9":1,"10":0,"11":0},"branchMap":{"0":{"type":"branch","line":5,"loc":{"start":{"line":5,"column":31},"end":{"line":5,"column":50}},"locations":[{"start":{"line":5,"column":31},"end":{"line":5,"column":50}}]}},"b":{"0":[4]},"fnMap":{"0":{"name":"getUserInfoPath","decl":{"start":{"line":5,"column":31},"end":{"line":5,"column":50}},"loc":{"start":{"line":5,"column":31},"end":{"line":5,"column":50}},"line":5},"1":{"name":"getUserInfo","decl":{"start":{"line":6,"column":27},"end":{"line":9,"column":2}},"loc":{"start":{"line":6,"column":27},"end":{"line":9,"column":2}},"line":6},"2":{"name":"useGetUserInfo","decl":{"start":{"line":10,"column":30},"end":{"line":12,"column":2}},"loc":{"start":{"line":10,"column":30},"end":{"line":12,"column":2}},"line":10}},"f":{"0":4,"1":0,"2":0}}
,"/Users/hyoeun/inplace/Team7_FE/src/api/hooks/useGetUserPlace.ts": {"path":"/Users/hyoeun/inplace/Team7_FE/src/api/hooks/useGetUserPlace.ts","all":false,"statementMap":{"0":{"start":{"line":1,"column":0},"end":{"line":1,"column":57}},"1":{"start":{"line":2,"column":0},"end":{"line":2,"column":44}},"2":{"start":{"line":3,"column":0},"end":{"line":3,"column":44}},"3":{"start":{"line":4,"column":0},"end":{"line":4,"column":0}},"4":{"start":{"line":5,"column":0},"end":{"line":5,"column":54}},"5":{"start":{"line":6,"column":0},"end":{"line":6,"column":41}},"6":{"start":{"line":7,"column":0},"end":{"line":7,"column":82}},"7":{"start":{"line":8,"column":0},"end":{"line":8,"column":23}},"8":{"start":{"line":9,"column":0},"end":{"line":9,"column":2}},"9":{"start":{"line":10,"column":0},"end":{"line":10,"column":38}},"10":{"start":{"line":11,"column":0},"end":{"line":11,"column":86}},"11":{"start":{"line":12,"column":0},"end":{"line":12,"column":2}}},"s":{"0":1,"1":1,"2":1,"3":1,"4":1,"5":1,"6":0,"7":0,"8":0,"9":1,"10":0,"11":0},"branchMap":{"0":{"type":"branch","line":5,"loc":{"start":{"line":5,"column":32},"end":{"line":5,"column":53}},"locations":[{"start":{"line":5,"column":32},"end":{"line":5,"column":53}}]}},"b":{"0":[4]},"fnMap":{"0":{"name":"getUserPlacePath","decl":{"start":{"line":5,"column":32},"end":{"line":5,"column":53}},"loc":{"start":{"line":5,"column":32},"end":{"line":5,"column":53}},"line":5},"1":{"name":"getUserPlace","decl":{"start":{"line":6,"column":28},"end":{"line":9,"column":2}},"loc":{"start":{"line":6,"column":28},"end":{"line":9,"column":2}},"line":6},"2":{"name":"useGetUserPlace","decl":{"start":{"line":10,"column":31},"end":{"line":12,"column":2}},"loc":{"start":{"line":10,"column":31},"end":{"line":12,"column":2}},"line":10}},"f":{"0":4,"1":0,"2":0}}
,"/Users/hyoeun/inplace/Team7_FE/src/api/hooks/useGetUserReview.ts": {"path":"/Users/hyoeun/inplace/Team7_FE/src/api/hooks/useGetUserReview.ts","all":false,"statementMap":{"0":{"start":{"line":1,"column":0},"end":{"line":1,"column":57}},"1":{"start":{"line":2,"column":0},"end":{"line":2,"column":44}},"2":{"start":{"line":3,"column":0},"end":{"line":3,"column":45}},"3":{"start":{"line":4,"column":0},"end":{"line":4,"column":0}},"4":{"start":{"line":5,"column":0},"end":{"line":5,"column":56}},"5":{"start":{"line":6,"column":0},"end":{"line":6,"column":42}},"6":{"start":{"line":7,"column":0},"end":{"line":7,"column":84}},"7":{"start":{"line":8,"column":0},"end":{"line":8,"column":23}},"8":{"start":{"line":9,"column":0},"end":{"line":9,"column":2}},"9":{"start":{"line":10,"column":0},"end":{"line":10,"column":39}},"10":{"start":{"line":11,"column":0},"end":{"line":11,"column":88}},"11":{"start":{"line":12,"column":0},"end":{"line":12,"column":2}}},"s":{"0":1,"1":1,"2":1,"3":1,"4":1,"5":1,"6":0,"7":0,"8":0,"9":1,"10":0,"11":0},"branchMap":{"0":{"type":"branch","line":5,"loc":{"start":{"line":5,"column":33},"end":{"line":5,"column":55}},"locations":[{"start":{"line":5,"column":33},"end":{"line":5,"column":55}}]}},"b":{"0":[4]},"fnMap":{"0":{"name":"getUserReviewPath","decl":{"start":{"line":5,"column":33},"end":{"line":5,"column":55}},"loc":{"start":{"line":5,"column":33},"end":{"line":5,"column":55}},"line":5},"1":{"name":"getUserReview","decl":{"start":{"line":6,"column":29},"end":{"line":9,"column":2}},"loc":{"start":{"line":6,"column":29},"end":{"line":9,"column":2}},"line":6},"2":{"name":"useGetUserReview","decl":{"start":{"line":10,"column":32},"end":{"line":12,"column":2}},"loc":{"start":{"line":10,"column":32},"end":{"line":12,"column":2}},"line":10}},"f":{"0":4,"1":0,"2":0}}
,"/Users/hyoeun/inplace/Team7_FE/src/api/hooks/usePostInfluencerLike.ts": {"path":"/Users/hyoeun/inplace/Team7_FE/src/api/hooks/usePostInfluencerLike.ts","all":false,"statementMap":{"0":{"start":{"line":1,"column":0},"end":{"line":1,"column":52}},"1":{"start":{"line":2,"column":0},"end":{"line":2,"column":0}},"2":{"start":{"line":3,"column":0},"end":{"line":3,"column":44}},"3":{"start":{"line":4,"column":0},"end":{"line":4,"column":48}},"4":{"start":{"line":5,"column":0},"end":{"line":5,"column":0}},"5":{"start":{"line":6,"column":0},"end":{"line":6,"column":65}},"6":{"start":{"line":7,"column":0},"end":{"line":7,"column":86}},"7":{"start":{"line":8,"column":0},"end":{"line":8,"column":71}},"8":{"start":{"line":9,"column":0},"end":{"line":9,"column":17}},"9":{"start":{"line":10,"column":0},"end":{"line":10,"column":10}},"10":{"start":{"line":11,"column":0},"end":{"line":11,"column":5}},"11":{"start":{"line":12,"column":0},"end":{"line":12,"column":23}},"12":{"start":{"line":13,"column":0},"end":{"line":13,"column":2}},"13":{"start":{"line":14,"column":0},"end":{"line":14,"column":0}},"14":{"start":{"line":15,"column":0},"end":{"line":15,"column":44}},"15":{"start":{"line":16,"column":0},"end":{"line":16,"column":22}},"16":{"start":{"line":17,"column":0},"end":{"line":17,"column":112}},"17":{"start":{"line":18,"column":0},"end":{"line":18,"column":5}},"18":{"start":{"line":19,"column":0},"end":{"line":19,"column":2}}},"s":{"0":1,"1":1,"2":1,"3":1,"4":1,"5":1,"6":1,"7":2,"8":2,"9":2,"10":2,"11":2,"12":2,"13":1,"14":1,"15":16,"16":16,"17":16,"18":16},"branchMap":{"0":{"type":"branch","line":6,"loc":{"start":{"line":6,"column":38},"end":{"line":6,"column":64}},"locations":[{"start":{"line":6,"column":38},"end":{"line":6,"column":64}}]},"1":{"type":"branch","line":7,"loc":{"start":{"line":7,"column":27},"end":{"line":13,"column":2}},"locations":[{"start":{"line":7,"column":27},"end":{"line":13,"column":2}}]},"2":{"type":"branch","line":15,"loc":{"start":{"line":15,"column":37},"end":{"line":19,"column":2}},"locations":[{"start":{"line":15,"column":37},"end":{"line":19,"column":2}}]},"3":{"type":"branch","line":17,"loc":{"start":{"line":17,"column":16},"end":{"line":17,"column":111}},"locations":[{"start":{"line":17,"column":16},"end":{"line":17,"column":111}}]}},"b":{"0":[2],"1":[2],"2":[16],"3":[2]},"fnMap":{"0":{"name":"postInfluencerLikePath","decl":{"start":{"line":6,"column":38},"end":{"line":6,"column":64}},"loc":{"start":{"line":6,"column":38},"end":{"line":6,"column":64}},"line":6},"1":{"name":"postInfluencerLike","decl":{"start":{"line":7,"column":27},"end":{"line":13,"column":2}},"loc":{"start":{"line":7,"column":27},"end":{"line":13,"column":2}},"line":7},"2":{"name":"usePostInfluencerLike","decl":{"start":{"line":15,"column":37},"end":{"line":19,"column":2}},"loc":{"start":{"line":15,"column":37},"end":{"line":19,"column":2}},"line":15},"3":{"name":"mutationFn","decl":{"start":{"line":17,"column":16},"end":{"line":17,"column":111}},"loc":{"start":{"line":17,"column":16},"end":{"line":17,"column":111}},"line":17}},"f":{"0":2,"1":2,"2":16,"3":2}}
,"/Users/hyoeun/inplace/Team7_FE/src/api/hooks/usePostPlaceLike.ts": {"path":"/Users/hyoeun/inplace/Team7_FE/src/api/hooks/usePostPlaceLike.ts","all":false,"statementMap":{"0":{"start":{"line":1,"column":0},"end":{"line":1,"column":52}},"1":{"start":{"line":2,"column":0},"end":{"line":2,"column":0}},"2":{"start":{"line":3,"column":0},"end":{"line":3,"column":44}},"3":{"start":{"line":4,"column":0},"end":{"line":4,"column":43}},"4":{"start":{"line":5,"column":0},"end":{"line":5,"column":0}},"5":{"start":{"line":6,"column":0},"end":{"line":6,"column":55}},"6":{"start":{"line":7,"column":0},"end":{"line":7,"column":71}},"7":{"start":{"line":8,"column":0},"end":{"line":8,"column":66}},"8":{"start":{"line":9,"column":0},"end":{"line":9,"column":12}},"9":{"start":{"line":10,"column":0},"end":{"line":10,"column":10}},"10":{"start":{"line":11,"column":0},"end":{"line":11,"column":5}},"11":{"start":{"line":12,"column":0},"end":{"line":12,"column":23}},"12":{"start":{"line":13,"column":0},"end":{"line":13,"column":2}},"13":{"start":{"line":14,"column":0},"end":{"line":14,"column":0}},"14":{"start":{"line":15,"column":0},"end":{"line":15,"column":39}},"15":{"start":{"line":16,"column":0},"end":{"line":16,"column":22}},"16":{"start":{"line":17,"column":0},"end":{"line":17,"column":92}},"17":{"start":{"line":18,"column":0},"end":{"line":18,"column":5}},"18":{"start":{"line":19,"column":0},"end":{"line":19,"column":2}}},"s":{"0":1,"1":1,"2":1,"3":1,"4":1,"5":1,"6":1,"7":2,"8":2,"9":2,"10":2,"11":2,"12":2,"13":1,"14":1,"15":5,"16":5,"17":5,"18":5},"branchMap":{"0":{"type":"branch","line":6,"loc":{"start":{"line":6,"column":33},"end":{"line":6,"column":54}},"locations":[{"start":{"line":6,"column":33},"end":{"line":6,"column":54}}]},"1":{"type":"branch","line":7,"loc":{"start":{"line":7,"column":22},"end":{"line":13,"column":2}},"locations":[{"start":{"line":7,"column":22},"end":{"line":13,"column":2}}]},"2":{"type":"branch","line":15,"loc":{"start":{"line":15,"column":32},"end":{"line":19,"column":2}},"locations":[{"start":{"line":15,"column":32},"end":{"line":19,"column":2}}]},"3":{"type":"branch","line":17,"loc":{"start":{"line":17,"column":16},"end":{"line":17,"column":91}},"locations":[{"start":{"line":17,"column":16},"end":{"line":17,"column":91}}]}},"b":{"0":[2],"1":[2],"2":[5],"3":[2]},"fnMap":{"0":{"name":"postPlaceLikePath","decl":{"start":{"line":6,"column":33},"end":{"line":6,"column":54}},"loc":{"start":{"line":6,"column":33},"end":{"line":6,"column":54}},"line":6},"1":{"name":"postPlaceLike","decl":{"start":{"line":7,"column":22},"end":{"line":13,"column":2}},"loc":{"start":{"line":7,"column":22},"end":{"line":13,"column":2}},"line":7},"2":{"name":"usePostPlaceLike","decl":{"start":{"line":15,"column":32},"end":{"line":19,"column":2}},"loc":{"start":{"line":15,"column":32},"end":{"line":19,"column":2}},"line":15},"3":{"name":"mutationFn","decl":{"start":{"line":17,"column":16},"end":{"line":17,"column":91}},"loc":{"start":{"line":17,"column":16},"end":{"line":17,"column":91}},"line":17}},"f":{"0":2,"1":2,"2":5,"3":2}}
,"/Users/hyoeun/inplace/Team7_FE/src/api/instance/index.ts": {"path":"/Users/hyoeun/inplace/Team7_FE/src/api/instance/index.ts","all":false,"statementMap":{"0":{"start":{"line":1,"column":0},"end":{"line":1,"column":63}},"1":{"start":{"line":2,"column":0},"end":{"line":2,"column":26}},"2":{"start":{"line":3,"column":0},"end":{"line":3,"column":0}},"3":{"start":{"line":4,"column":0},"end":{"line":4,"column":52}},"4":{"start":{"line":5,"column":0},"end":{"line":5,"column":0}},"5":{"start":{"line":6,"column":0},"end":{"line":6,"column":69}},"6":{"start":{"line":7,"column":0},"end":{"line":7,"column":33}},"7":{"start":{"line":8,"column":0},"end":{"line":8,"column":19}},"8":{"start":{"line":9,"column":0},"end":{"line":9,"column":14}},"9":{"start":{"line":10,"column":0},"end":{"line":10,"column":14}},"10":{"start":{"line":11,"column":0},"end":{"line":11,"column":41}},"11":{"start":{"line":12,"column":0},"end":{"line":12,"column":24}},"12":{"start":{"line":13,"column":0},"end":{"line":13,"column":6}},"13":{"start":{"line":14,"column":0},"end":{"line":14,"column":5}},"14":{"start":{"line":15,"column":0},"end":{"line":15,"column":40}},"15":{"start":{"line":16,"column":0},"end":{"line":16,"column":18}},"16":{"start":{"line":17,"column":0},"end":{"line":17,"column":2}},"17":{"start":{"line":18,"column":0},"end":{"line":18,"column":0}},"18":{"start":{"line":19,"column":0},"end":{"line":19,"column":49}},"19":{"start":{"line":20,"column":0},"end":{"line":20,"column":43}},"20":{"start":{"line":21,"column":0},"end":{"line":21,"column":20}},"21":{"start":{"line":22,"column":0},"end":{"line":22,"column":3}},"22":{"start":{"line":23,"column":0},"end":{"line":23,"column":0}},"23":{"start":{"line":24,"column":0},"end":{"line":24,"column":44}},"24":{"start":{"line":25,"column":0},"end":{"line":25,"column":19}},"25":{"start":{"line":26,"column":0},"end":{"line":26,"column":14}},"26":{"start":{"line":27,"column":0},"end":{"line":27,"column":19}},"27":{"start":{"line":28,"column":0},"end":{"line":28,"column":27}},"28":{"start":{"line":29,"column":0},"end":{"line":29,"column":31}},"29":{"start":{"line":30,"column":0},"end":{"line":30,"column":33}},"30":{"start":{"line":31,"column":0},"end":{"line":31,"column":25}},"31":{"start":{"line":32,"column":0},"end":{"line":32,"column":6}},"32":{"start":{"line":33,"column":0},"end":{"line":33,"column":16}},"33":{"start":{"line":34,"column":0},"end":{"line":34,"column":25}},"34":{"start":{"line":35,"column":0},"end":{"line":35,"column":6}},"35":{"start":{"line":36,"column":0},"end":{"line":36,"column":4}},"36":{"start":{"line":37,"column":0},"end":{"line":37,"column":3}}},"s":{"0":1,"1":1,"2":1,"3":1,"4":1,"5":1,"6":5,"7":5,"8":5,"9":5,"10":5,"11":5,"12":5,"13":5,"14":5,"15":5,"16":5,"17":1,"18":1,"19":1,"20":1,"21":1,"22":1,"23":1,"24":1,"25":1,"26":1,"27":1,"28":1,"29":1,"30":1,"31":1,"32":1,"33":1,"34":1,"35":1,"36":1},"branchMap":{"0":{"type":"branch","line":6,"loc":{"start":{"line":6,"column":21},"end":{"line":17,"column":2}},"locations":[{"start":{"line":6,"column":21},"end":{"line":17,"column":2}}]}},"b":{"0":[5]},"fnMap":{"0":{"name":"initInstance","decl":{"start":{"line":6,"column":21},"end":{"line":17,"column":2}},"loc":{"start":{"line":6,"column":21},"end":{"line":17,"column":2}},"line":6}},"f":{"0":5}}
,"/Users/hyoeun/inplace/Team7_FE/src/assets/images/Logo.svg": {"path":"/Users/hyoeun/inplace/Team7_FE/src/assets/images/Logo.svg","all":false,"statementMap":{"0":{"start":{"line":1,"column":0},"end":{"line":1,"column":142}},"1":{"start":{"line":2,"column":0},"end":{"line":2,"column":84}},"2":{"start":{"line":3,"column":0},"end":{"line":3,"column":6}},"3":{"start":{"line":4,"column":0},"end":{"line":4,"column":93}},"4":{"start":{"line":5,"column":0},"end":{"line":5,"column":97}},"5":{"start":{"line":6,"column":0},"end":{"line":6,"column":10}},"6":{"start":{"line":7,"column":0},"end":{"line":7,"column":42463}},"7":{"start":{"line":8,"column":0},"end":{"line":8,"column":7}},"8":{"start":{"line":9,"column":0},"end":{"line":9,"column":6}}},"s":{"0":1,"1":1,"2":1,"3":1,"4":1,"5":1,"6":1,"7":1,"8":1},"branchMap":{"0":{"type":"branch","line":1,"loc":{"start":{"line":1,"column":0},"end":{"line":1,"column":24}},"locations":[{"start":{"line":1,"column":0},"end":{"line":1,"column":24}}]},"1":{"type":"branch","line":1,"loc":{"start":{"line":1,"column":0},"end":{"line":1,"column":21}},"locations":[{"start":{"line":1,"column":0},"end":{"line":1,"column":21}}]}},"b":{"0":[4],"1":[4]},"fnMap":{"0":{"name":"Object.<anonymous>","decl":{"start":{"line":1,"column":0},"end":{"line":1,"column":21}},"loc":{"start":{"line":1,"column":0},"end":{"line":1,"column":21}},"line":1}},"f":{"0":4}}
,"/Users/hyoeun/inplace/Team7_FE/src/assets/images/back-card.png": {"path":"/Users/hyoeun/inplace/Team7_FE/src/assets/images/back-card.png","all":false,"statementMap":{"0":{"start":{"line":1,"column":0},"end":{"line":1,"column":4}},"1":{"start":{"line":2,"column":0},"end":{"line":2,"column":1}},"2":{"start":{"line":3,"column":0},"end":{"line":3,"column":78}},"3":{"start":{"line":4,"column":0},"end":{"line":4,"column":339}},"4":{"start":{"line":5,"column":0},"end":{"line":5,"column":203}},"5":{"start":{"line":6,"column":0},"end":{"line":6,"column":7}},"6":{"start":{"line":7,"column":0},"end":{"line":7,"column":19}},"7":{"start":{"line":8,"column":0},"end":{"line":8,"column":266}},"8":{"start":{"line":9,"column":0},"end":{"line":9,"column":195}},"9":{"start":{"line":10,"column":0},"end":{"line":10,"column":161}},"10":{"start":{"line":11,"column":0},"end":{"line":11,"column":241}},"11":{"start":{"line":12,"column":0},"end":{"line":12,"column":153}},"12":{"start":{"line":13,"column":0},"end":{"line":13,"column":235}},"13":{"start":{"line":14,"column":0},"end":{"line":14,"column":72}},"14":{"start":{"line":15,"column":0},"end":{"line":15,"column":69}},"15":{"start":{"line":16,"column":0},"end":{"line":16,"column":231}},"16":{"start":{"line":17,"column":0},"end":{"line":17,"column":23}},"17":{"start":{"line":18,"column":0},"end":{"line":18,"column":481}},"18":{"start":{"line":19,"column":0},"end":{"line":19,"column":54}},"19":{"start":{"line":20,"column":0},"end":{"line":20,"column":305}},"20":{"start":{"line":21,"column":0},"end":{"line":21,"column":315}},"21":{"start":{"line":22,"column":0},"end":{"line":22,"column":127}},"22":{"start":{"line":23,"column":0},"end":{"line":23,"column":240}},"23":{"start":{"line":24,"column":0},"end":{"line":24,"column":62}},"24":{"start":{"line":25,"column":0},"end":{"line":25,"column":986}},"25":{"start":{"line":26,"column":0},"end":{"line":26,"column":177}},"26":{"start":{"line":27,"column":0},"end":{"line":27,"column":283}},"27":{"start":{"line":28,"column":0},"end":{"line":28,"column":307}},"28":{"start":{"line":29,"column":0},"end":{"line":29,"column":5}},"29":{"start":{"line":30,"column":0},"end":{"line":30,"column":32}},"30":{"start":{"line":31,"column":0},"end":{"line":31,"column":131}},"31":{"start":{"line":32,"column":0},"end":{"line":32,"column":157}},"32":{"start":{"line":33,"column":0},"end":{"line":33,"column":81}},"33":{"start":{"line":34,"column":0},"end":{"line":34,"column":437}},"34":{"start":{"line":35,"column":0},"end":{"line":35,"column":390}},"35":{"start":{"line":36,"column":0},"end":{"line":36,"column":86}},"36":{"start":{"line":37,"column":0},"end":{"line":37,"column":330}},"37":{"start":{"line":38,"column":0},"end":{"line":38,"column":375}},"38":{"start":{"line":39,"column":0},"end":{"line":39,"column":382}},"39":{"start":{"line":40,"column":0},"end":{"line":40,"column":236}},"40":{"start":{"line":41,"column":0},"end":{"line":41,"column":55}},"41":{"start":{"line":42,"column":0},"end":{"line":42,"column":49}},"42":{"start":{"line":43,"column":0},"end":{"line":43,"column":375}},"43":{"start":{"line":44,"column":0},"end":{"line":44,"column":559}},"44":{"start":{"line":45,"column":0},"end":{"line":45,"column":365}},"45":{"start":{"line":46,"column":0},"end":{"line":46,"column":360}},"46":{"start":{"line":47,"column":0},"end":{"line":47,"column":216}},"47":{"start":{"line":48,"column":0},"end":{"line":48,"column":23}},"48":{"start":{"line":49,"column":0},"end":{"line":49,"column":134}},"49":{"start":{"line":50,"column":0},"end":{"line":50,"column":171}},"50":{"start":{"line":51,"column":0},"end":{"line":51,"column":35}},"51":{"start":{"line":52,"column":0},"end":{"line":52,"column":227}},"52":{"start":{"line":53,"column":0},"end":{"line":53,"column":0}},"53":{"start":{"line":54,"column":0},"end":{"line":54,"column":611}},"54":{"start":{"line":55,"column":0},"end":{"line":55,"column":137}},"55":{"start":{"line":56,"column":0},"end":{"line":56,"column":386}},"56":{"start":{"line":57,"column":0},"end":{"line":57,"column":353}},"57":{"start":{"line":58,"column":0},"end":{"line":58,"column":300}},"58":{"start":{"line":59,"column":0},"end":{"line":59,"column":84}},"59":{"start":{"line":60,"column":0},"end":{"line":60,"column":414}},"60":{"start":{"line":61,"column":0},"end":{"line":61,"column":120}},"61":{"start":{"line":62,"column":0},"end":{"line":62,"column":409}},"62":{"start":{"line":63,"column":0},"end":{"line":63,"column":174}},"63":{"start":{"line":64,"column":0},"end":{"line":64,"column":139}},"64":{"start":{"line":65,"column":0},"end":{"line":65,"column":21}},"65":{"start":{"line":66,"column":0},"end":{"line":66,"column":95}},"66":{"start":{"line":67,"column":0},"end":{"line":67,"column":71}},"67":{"start":{"line":68,"column":0},"end":{"line":68,"column":94}},"68":{"start":{"line":69,"column":0},"end":{"line":69,"column":6}},"69":{"start":{"line":70,"column":0},"end":{"line":70,"column":61}},"70":{"start":{"line":71,"column":0},"end":{"line":71,"column":79}},"71":{"start":{"line":72,"column":0},"end":{"line":72,"column":179}},"72":{"start":{"line":73,"column":0},"end":{"line":73,"column":432}},"73":{"start":{"line":74,"column":0},"end":{"line":74,"column":36}},"74":{"start":{"line":75,"column":0},"end":{"line":75,"column":799}},"75":{"start":{"line":76,"column":0},"end":{"line":76,"column":186}},"76":{"start":{"line":77,"column":0},"end":{"line":77,"column":451}},"77":{"start":{"line":78,"column":0},"end":{"line":78,"column":431}},"78":{"start":{"line":79,"column":0},"end":{"line":79,"column":389}},"79":{"start":{"line":80,"column":0},"end":{"line":80,"column":267}},"80":{"start":{"line":81,"column":0},"end":{"line":81,"column":65}},"81":{"start":{"line":82,"column":0},"end":{"line":82,"column":209}},"82":{"start":{"line":83,"column":0},"end":{"line":83,"column":204}},"83":{"start":{"line":84,"column":0},"end":{"line":84,"column":210}},"84":{"start":{"line":85,"column":0},"end":{"line":85,"column":243}},"85":{"start":{"line":86,"column":0},"end":{"line":86,"column":65}},"86":{"start":{"line":87,"column":0},"end":{"line":87,"column":238}},"87":{"start":{"line":88,"column":0},"end":{"line":88,"column":322}},"88":{"start":{"line":89,"column":0},"end":{"line":89,"column":569}},"89":{"start":{"line":90,"column":0},"end":{"line":90,"column":72}},"90":{"start":{"line":91,"column":0},"end":{"line":91,"column":22}},"91":{"start":{"line":92,"column":0},"end":{"line":92,"column":228}},"92":{"start":{"line":93,"column":0},"end":{"line":93,"column":40}},"93":{"start":{"line":94,"column":0},"end":{"line":94,"column":174}},"94":{"start":{"line":95,"column":0},"end":{"line":95,"column":1018}},"95":{"start":{"line":96,"column":0},"end":{"line":96,"column":9}},"96":{"start":{"line":97,"column":0},"end":{"line":97,"column":9}},"97":{"start":{"line":98,"column":0},"end":{"line":98,"column":374}},"98":{"start":{"line":99,"column":0},"end":{"line":99,"column":130}},"99":{"start":{"line":100,"column":0},"end":{"line":100,"column":338}},"100":{"start":{"line":101,"column":0},"end":{"line":101,"column":88}},"101":{"start":{"line":102,"column":0},"end":{"line":102,"column":157}},"102":{"start":{"line":103,"column":0},"end":{"line":103,"column":137}},"103":{"start":{"line":104,"column":0},"end":{"line":104,"column":111}},"104":{"start":{"line":105,"column":0},"end":{"line":105,"column":145}},"105":{"start":{"line":106,"column":0},"end":{"line":106,"column":275}},"106":{"start":{"line":107,"column":0},"end":{"line":107,"column":560}},"107":{"start":{"line":108,"column":0},"end":{"line":108,"column":91}},"108":{"start":{"line":109,"column":0},"end":{"line":109,"column":41}},"109":{"start":{"line":110,"column":0},"end":{"line":110,"column":167}},"110":{"start":{"line":111,"column":0},"end":{"line":111,"column":44}},"111":{"start":{"line":112,"column":0},"end":{"line":112,"column":83}},"112":{"start":{"line":113,"column":0},"end":{"line":113,"column":164}},"113":{"start":{"line":114,"column":0},"end":{"line":114,"column":132}},"114":{"start":{"line":115,"column":0},"end":{"line":115,"column":1}},"115":{"start":{"line":116,"column":0},"end":{"line":116,"column":284}},"116":{"start":{"line":117,"column":0},"end":{"line":117,"column":174}},"117":{"start":{"line":118,"column":0},"end":{"line":118,"column":112}},"118":{"start":{"line":119,"column":0},"end":{"line":119,"column":791}},"119":{"start":{"line":120,"column":0},"end":{"line":120,"column":142}},"120":{"start":{"line":121,"column":0},"end":{"line":121,"column":736}},"121":{"start":{"line":122,"column":0},"end":{"line":122,"column":240}},"122":{"start":{"line":123,"column":0},"end":{"line":123,"column":102}},"123":{"start":{"line":124,"column":0},"end":{"line":124,"column":196}},"124":{"start":{"line":125,"column":0},"end":{"line":125,"column":6}},"125":{"start":{"line":126,"column":0},"end":{"line":126,"column":97}},"126":{"start":{"line":127,"column":0},"end":{"line":127,"column":68}},"127":{"start":{"line":128,"column":0},"end":{"line":128,"column":54}},"128":{"start":{"line":129,"column":0},"end":{"line":129,"column":430}},"129":{"start":{"line":130,"column":0},"end":{"line":130,"column":47}},"130":{"start":{"line":131,"column":0},"end":{"line":131,"column":819}},"131":{"start":{"line":132,"column":0},"end":{"line":132,"column":495}},"132":{"start":{"line":133,"column":0},"end":{"line":133,"column":37}}},"s":{"0":2,"1":2,"2":1,"3":1,"4":1,"5":1,"6":1,"7":1,"8":1,"9":1,"10":1,"11":1,"12":1,"13":1,"14":1,"15":1,"16":1,"17":1,"18":1,"19":1,"20":1,"21":1,"22":1,"23":1,"24":1,"25":1,"26":1,"27":1,"28":1,"29":1,"30":1,"31":1,"32":1,"33":1,"34":1,"35":1,"36":1,"37":1,"38":1,"39":1,"40":1,"41":1,"42":1,"43":1,"44":1,"45":1,"46":1,"47":1,"48":1,"49":1,"50":1,"51":1,"52":1,"53":1,"54":1,"55":1,"56":1,"57":1,"58":1,"59":1,"60":1,"61":1,"62":1,"63":1,"64":1,"65":1,"66":1,"67":1,"68":1,"69":1,"70":1,"71":1,"72":1,"73":1,"74":1,"75":1,"76":1,"77":1,"78":1,"79":1,"80":1,"81":1,"82":1,"83":1,"84":1,"85":1,"86":1,"87":1,"88":1,"89":1,"90":1,"91":1,"92":1,"93":1,"94":1,"95":1,"96":1,"97":1,"98":1,"99":1,"100":1,"101":1,"102":1,"103":1,"104":1,"105":1,"106":1,"107":1,"108":1,"109":1,"110":1,"111":1,"112":1,"113":1,"114":1,"115":1,"116":1,"117":1,"118":1,"119":1,"120":1,"121":1,"122":1,"123":1,"124":1,"125":1,"126":1,"127":1,"128":1,"129":1,"130":1,"131":1,"132":1},"branchMap":{"0":{"type":"branch","line":1,"loc":{"start":{"line":1,"column":0},"end":{"line":3,"column":16}},"locations":[{"start":{"line":1,"column":0},"end":{"line":3,"column":16}}]},"1":{"type":"branch","line":1,"loc":{"start":{"line":1,"column":0},"end":{"line":3,"column":13}},"locations":[{"start":{"line":1,"column":0},"end":{"line":3,"column":13}}]}},"b":{"0":[2],"1":[2]},"fnMap":{"0":{"name":"Object.<anonymous>","decl":{"start":{"line":1,"column":0},"end":{"line":3,"column":13}},"loc":{"start":{"line":1,"column":0},"end":{"line":3,"column":13}},"line":1}},"f":{"0":2}}
,"/Users/hyoeun/inplace/Team7_FE/src/assets/images/bannerImg.png": {"path":"/Users/hyoeun/inplace/Team7_FE/src/assets/images/bannerImg.png","all":false,"statementMap":{"0":{"start":{"line":1,"column":0},"end":{"line":1,"column":4}},"1":{"start":{"line":2,"column":0},"end":{"line":2,"column":1}},"2":{"start":{"line":3,"column":0},"end":{"line":3,"column":1247}},"3":{"start":{"line":4,"column":0},"end":{"line":4,"column":261}},"4":{"start":{"line":5,"column":0},"end":{"line":5,"column":81}},"5":{"start":{"line":6,"column":0},"end":{"line":6,"column":28}},"6":{"start":{"line":7,"column":0},"end":{"line":7,"column":88}},"7":{"start":{"line":8,"column":0},"end":{"line":8,"column":182}},"8":{"start":{"line":9,"column":0},"end":{"line":9,"column":446}},"9":{"start":{"line":10,"column":0},"end":{"line":10,"column":106}},"10":{"start":{"line":11,"column":0},"end":{"line":11,"column":173}},"11":{"start":{"line":12,"column":0},"end":{"line":12,"column":478}},"12":{"start":{"line":13,"column":0},"end":{"line":13,"column":58}},"13":{"start":{"line":14,"column":0},"end":{"line":14,"column":141}},"14":{"start":{"line":15,"column":0},"end":{"line":15,"column":26}},"15":{"start":{"line":16,"column":0},"end":{"line":16,"column":191}},"16":{"start":{"line":17,"column":0},"end":{"line":17,"column":301}},"17":{"start":{"line":18,"column":0},"end":{"line":18,"column":63}},"18":{"start":{"line":19,"column":0},"end":{"line":19,"column":135}},"19":{"start":{"line":20,"column":0},"end":{"line":20,"column":98}},"20":{"start":{"line":21,"column":0},"end":{"line":21,"column":403}},"21":{"start":{"line":22,"column":0},"end":{"line":22,"column":8}},"22":{"start":{"line":23,"column":0},"end":{"line":23,"column":348}},"23":{"start":{"line":24,"column":0},"end":{"line":24,"column":389}},"24":{"start":{"line":25,"column":0},"end":{"line":25,"column":87}},"25":{"start":{"line":26,"column":0},"end":{"line":26,"column":14}},"26":{"start":{"line":27,"column":0},"end":{"line":27,"column":605}},"27":{"start":{"line":28,"column":0},"end":{"line":28,"column":95}},"28":{"start":{"line":29,"column":0},"end":{"line":29,"column":203}},"29":{"start":{"line":30,"column":0},"end":{"line":30,"column":235}},"30":{"start":{"line":31,"column":0},"end":{"line":31,"column":239}},"31":{"start":{"line":32,"column":0},"end":{"line":32,"column":313}},"32":{"start":{"line":33,"column":0},"end":{"line":33,"column":179}},"33":{"start":{"line":34,"column":0},"end":{"line":34,"column":394}},"34":{"start":{"line":35,"column":0},"end":{"line":35,"column":61}},"35":{"start":{"line":36,"column":0},"end":{"line":36,"column":14}},"36":{"start":{"line":37,"column":0},"end":{"line":37,"column":556}},"37":{"start":{"line":38,"column":0},"end":{"line":38,"column":249}},"38":{"start":{"line":39,"column":0},"end":{"line":39,"column":0}},"39":{"start":{"line":40,"column":0},"end":{"line":40,"column":81}},"40":{"start":{"line":41,"column":0},"end":{"line":41,"column":96}},"41":{"start":{"line":42,"column":0},"end":{"line":42,"column":16}},"42":{"start":{"line":43,"column":0},"end":{"line":43,"column":179}},"43":{"start":{"line":44,"column":0},"end":{"line":44,"column":207}},"44":{"start":{"line":45,"column":0},"end":{"line":45,"column":911}},"45":{"start":{"line":46,"column":0},"end":{"line":46,"column":445}},"46":{"start":{"line":47,"column":0},"end":{"line":47,"column":302}},"47":{"start":{"line":48,"column":0},"end":{"line":48,"column":1319}},"48":{"start":{"line":49,"column":0},"end":{"line":49,"column":229}},"49":{"start":{"line":50,"column":0},"end":{"line":50,"column":43}},"50":{"start":{"line":51,"column":0},"end":{"line":51,"column":173}},"51":{"start":{"line":52,"column":0},"end":{"line":52,"column":523}},"52":{"start":{"line":53,"column":0},"end":{"line":53,"column":154}},"53":{"start":{"line":54,"column":0},"end":{"line":54,"column":178}},"54":{"start":{"line":55,"column":0},"end":{"line":55,"column":381}},"55":{"start":{"line":56,"column":0},"end":{"line":56,"column":149}},"56":{"start":{"line":57,"column":0},"end":{"line":57,"column":1021}},"57":{"start":{"line":58,"column":0},"end":{"line":58,"column":159}},"58":{"start":{"line":59,"column":0},"end":{"line":59,"column":455}},"59":{"start":{"line":60,"column":0},"end":{"line":60,"column":44}},"60":{"start":{"line":61,"column":0},"end":{"line":61,"column":86}},"61":{"start":{"line":62,"column":0},"end":{"line":62,"column":40}},"62":{"start":{"line":63,"column":0},"end":{"line":63,"column":1010}},"63":{"start":{"line":64,"column":0},"end":{"line":64,"column":144}},"64":{"start":{"line":65,"column":0},"end":{"line":65,"column":1181}},"65":{"start":{"line":66,"column":0},"end":{"line":66,"column":9}},"66":{"start":{"line":67,"column":0},"end":{"line":67,"column":101}},"67":{"start":{"line":68,"column":0},"end":{"line":68,"column":41}},"68":{"start":{"line":69,"column":0},"end":{"line":69,"column":669}},"69":{"start":{"line":70,"column":0},"end":{"line":70,"column":177}},"70":{"start":{"line":71,"column":0},"end":{"line":71,"column":531}},"71":{"start":{"line":72,"column":0},"end":{"line":72,"column":66}},"72":{"start":{"line":73,"column":0},"end":{"line":73,"column":41}},"73":{"start":{"line":74,"column":0},"end":{"line":74,"column":131}},"74":{"start":{"line":75,"column":0},"end":{"line":75,"column":366}},"75":{"start":{"line":76,"column":0},"end":{"line":76,"column":28}},"76":{"start":{"line":77,"column":0},"end":{"line":77,"column":51}},"77":{"start":{"line":78,"column":0},"end":{"line":78,"column":4}},"78":{"start":{"line":79,"column":0},"end":{"line":79,"column":43}},"79":{"start":{"line":80,"column":0},"end":{"line":80,"column":160}},"80":{"start":{"line":81,"column":0},"end":{"line":81,"column":60}},"81":{"start":{"line":82,"column":0},"end":{"line":82,"column":33}},"82":{"start":{"line":83,"column":0},"end":{"line":83,"column":88}},"83":{"start":{"line":84,"column":0},"end":{"line":84,"column":294}},"84":{"start":{"line":85,"column":0},"end":{"line":85,"column":221}},"85":{"start":{"line":86,"column":0},"end":{"line":86,"column":81}},"86":{"start":{"line":87,"column":0},"end":{"line":87,"column":298}},"87":{"start":{"line":88,"column":0},"end":{"line":88,"column":12}},"88":{"start":{"line":89,"column":0},"end":{"line":89,"column":273}},"89":{"start":{"line":90,"column":0},"end":{"line":90,"column":10}},"90":{"start":{"line":91,"column":0},"end":{"line":91,"column":158}},"91":{"start":{"line":92,"column":0},"end":{"line":92,"column":47}},"92":{"start":{"line":93,"column":0},"end":{"line":93,"column":2}},"93":{"start":{"line":94,"column":0},"end":{"line":94,"column":62}},"94":{"start":{"line":95,"column":0},"end":{"line":95,"column":110}},"95":{"start":{"line":96,"column":0},"end":{"line":96,"column":35}},"96":{"start":{"line":97,"column":0},"end":{"line":97,"column":164}},"97":{"start":{"line":98,"column":0},"end":{"line":98,"column":49}},"98":{"start":{"line":99,"column":0},"end":{"line":99,"column":122}},"99":{"start":{"line":100,"column":0},"end":{"line":100,"column":279}},"100":{"start":{"line":101,"column":0},"end":{"line":101,"column":50}},"101":{"start":{"line":102,"column":0},"end":{"line":102,"column":120}},"102":{"start":{"line":103,"column":0},"end":{"line":103,"column":27}},"103":{"start":{"line":104,"column":0},"end":{"line":104,"column":42}},"104":{"start":{"line":105,"column":0},"end":{"line":105,"column":131}},"105":{"start":{"line":106,"column":0},"end":{"line":106,"column":20}},"106":{"start":{"line":107,"column":0},"end":{"line":107,"column":138}},"107":{"start":{"line":108,"column":0},"end":{"line":108,"column":154}},"108":{"start":{"line":109,"column":0},"end":{"line":109,"column":10}},"109":{"start":{"line":110,"column":0},"end":{"line":110,"column":8}},"110":{"start":{"line":111,"column":0},"end":{"line":111,"column":44}},"111":{"start":{"line":112,"column":0},"end":{"line":112,"column":3}},"112":{"start":{"line":113,"column":0},"end":{"line":113,"column":5}},"113":{"start":{"line":114,"column":0},"end":{"line":114,"column":336}},"114":{"start":{"line":115,"column":0},"end":{"line":115,"column":115}},"115":{"start":{"line":116,"column":0},"end":{"line":116,"column":129}},"116":{"start":{"line":117,"column":0},"end":{"line":117,"column":85}},"117":{"start":{"line":118,"column":0},"end":{"line":118,"column":550}},"118":{"start":{"line":119,"column":0},"end":{"line":119,"column":52}},"119":{"start":{"line":120,"column":0},"end":{"line":120,"column":64}},"120":{"start":{"line":121,"column":0},"end":{"line":121,"column":11}},"121":{"start":{"line":122,"column":0},"end":{"line":122,"column":98}},"122":{"start":{"line":123,"column":0},"end":{"line":123,"column":143}},"123":{"start":{"line":124,"column":0},"end":{"line":124,"column":17}},"124":{"start":{"line":125,"column":0},"end":{"line":125,"column":2}},"125":{"start":{"line":126,"column":0},"end":{"line":126,"column":241}},"126":{"start":{"line":127,"column":0},"end":{"line":127,"column":63}},"127":{"start":{"line":128,"column":0},"end":{"line":128,"column":62}},"128":{"start":{"line":129,"column":0},"end":{"line":129,"column":7}},"129":{"start":{"line":130,"column":0},"end":{"line":130,"column":156}},"130":{"start":{"line":131,"column":0},"end":{"line":131,"column":15}},"131":{"start":{"line":132,"column":0},"end":{"line":132,"column":30}},"132":{"start":{"line":133,"column":0},"end":{"line":133,"column":32}},"133":{"start":{"line":134,"column":0},"end":{"line":134,"column":62}},"134":{"start":{"line":135,"column":0},"end":{"line":135,"column":65}},"135":{"start":{"line":136,"column":0},"end":{"line":136,"column":10}},"136":{"start":{"line":137,"column":0},"end":{"line":137,"column":71}},"137":{"start":{"line":138,"column":0},"end":{"line":138,"column":122}},"138":{"start":{"line":139,"column":0},"end":{"line":139,"column":51}},"139":{"start":{"line":140,"column":0},"end":{"line":140,"column":156}},"140":{"start":{"line":141,"column":0},"end":{"line":141,"column":64}},"141":{"start":{"line":142,"column":0},"end":{"line":142,"column":18}},"142":{"start":{"line":143,"column":0},"end":{"line":143,"column":179}},"143":{"start":{"line":144,"column":0},"end":{"line":144,"column":18}},"144":{"start":{"line":145,"column":0},"end":{"line":145,"column":115}},"145":{"start":{"line":146,"column":0},"end":{"line":146,"column":99}},"146":{"start":{"line":147,"column":0},"end":{"line":147,"column":76}},"147":{"start":{"line":148,"column":0},"end":{"line":148,"column":100}},"148":{"start":{"line":149,"column":0},"end":{"line":149,"column":48}},"149":{"start":{"line":150,"column":0},"end":{"line":150,"column":109}},"150":{"start":{"line":151,"column":0},"end":{"line":151,"column":281}},"151":{"start":{"line":152,"column":0},"end":{"line":152,"column":906}},"152":{"start":{"line":153,"column":0},"end":{"line":153,"column":296}},"153":{"start":{"line":154,"column":0},"end":{"line":154,"column":49}},"154":{"start":{"line":155,"column":0},"end":{"line":155,"column":163}},"155":{"start":{"line":156,"column":0},"end":{"line":156,"column":170}},"156":{"start":{"line":157,"column":0},"end":{"line":157,"column":5}},"157":{"start":{"line":158,"column":0},"end":{"line":158,"column":45}},"158":{"start":{"line":159,"column":0},"end":{"line":159,"column":43}},"159":{"start":{"line":160,"column":0},"end":{"line":160,"column":44}},"160":{"start":{"line":161,"column":0},"end":{"line":161,"column":358}},"161":{"start":{"line":162,"column":0},"end":{"line":162,"column":226}},"162":{"start":{"line":163,"column":0},"end":{"line":163,"column":436}},"163":{"start":{"line":164,"column":0},"end":{"line":164,"column":10}},"164":{"start":{"line":165,"column":0},"end":{"line":165,"column":372}},"165":{"start":{"line":166,"column":0},"end":{"line":166,"column":283}},"166":{"start":{"line":167,"column":0},"end":{"line":167,"column":78}},"167":{"start":{"line":168,"column":0},"end":{"line":168,"column":173}},"168":{"start":{"line":169,"column":0},"end":{"line":169,"column":26}},"169":{"start":{"line":170,"column":0},"end":{"line":170,"column":60}},"170":{"start":{"line":171,"column":0},"end":{"line":171,"column":1}},"171":{"start":{"line":172,"column":0},"end":{"line":172,"column":183}},"172":{"start":{"line":173,"column":0},"end":{"line":173,"column":24}},"173":{"start":{"line":174,"column":0},"end":{"line":174,"column":25}},"174":{"start":{"line":175,"column":0},"end":{"line":175,"column":274}},"175":{"start":{"line":176,"column":0},"end":{"line":176,"column":302}},"176":{"start":{"line":177,"column":0},"end":{"line":177,"column":84}},"177":{"start":{"line":178,"column":0},"end":{"line":178,"column":354}},"178":{"start":{"line":179,"column":0},"end":{"line":179,"column":413}},"179":{"start":{"line":180,"column":0},"end":{"line":180,"column":58}},"180":{"start":{"line":181,"column":0},"end":{"line":181,"column":49}},"181":{"start":{"line":182,"column":0},"end":{"line":182,"column":150}},"182":{"start":{"line":183,"column":0},"end":{"line":183,"column":208}},"183":{"start":{"line":184,"column":0},"end":{"line":184,"column":153}},"184":{"start":{"line":185,"column":0},"end":{"line":185,"column":365}},"185":{"start":{"line":186,"column":0},"end":{"line":186,"column":475}},"186":{"start":{"line":187,"column":0},"end":{"line":187,"column":141}},"187":{"start":{"line":188,"column":0},"end":{"line":188,"column":48}},"188":{"start":{"line":189,"column":0},"end":{"line":189,"column":421}},"189":{"start":{"line":190,"column":0},"end":{"line":190,"column":415}},"190":{"start":{"line":191,"column":0},"end":{"line":191,"column":169}},"191":{"start":{"line":192,"column":0},"end":{"line":192,"column":82}},"192":{"start":{"line":193,"column":0},"end":{"line":193,"column":124}},"193":{"start":{"line":194,"column":0},"end":{"line":194,"column":479}},"194":{"start":{"line":195,"column":0},"end":{"line":195,"column":69}},"195":{"start":{"line":196,"column":0},"end":{"line":196,"column":52}},"196":{"start":{"line":197,"column":0},"end":{"line":197,"column":178}},"197":{"start":{"line":198,"column":0},"end":{"line":198,"column":408}},"198":{"start":{"line":199,"column":0},"end":{"line":199,"column":544}},"199":{"start":{"line":200,"column":0},"end":{"line":200,"column":200}},"200":{"start":{"line":201,"column":0},"end":{"line":201,"column":331}},"201":{"start":{"line":202,"column":0},"end":{"line":202,"column":44}},"202":{"start":{"line":203,"column":0},"end":{"line":203,"column":475}},"203":{"start":{"line":204,"column":0},"end":{"line":204,"column":153}},"204":{"start":{"line":205,"column":0},"end":{"line":205,"column":67}},"205":{"start":{"line":206,"column":0},"end":{"line":206,"column":429}},"206":{"start":{"line":207,"column":0},"end":{"line":207,"column":668}},"207":{"start":{"line":208,"column":0},"end":{"line":208,"column":129}},"208":{"start":{"line":209,"column":0},"end":{"line":209,"column":123}},"209":{"start":{"line":210,"column":0},"end":{"line":210,"column":1}},"210":{"start":{"line":211,"column":0},"end":{"line":211,"column":208}},"211":{"start":{"line":212,"column":0},"end":{"line":212,"column":11}},"212":{"start":{"line":213,"column":0},"end":{"line":213,"column":670}},"213":{"start":{"line":214,"column":0},"end":{"line":214,"column":90}},"214":{"start":{"line":215,"column":0},"end":{"line":215,"column":109}},"215":{"start":{"line":216,"column":0},"end":{"line":216,"column":82}},"216":{"start":{"line":217,"column":0},"end":{"line":217,"column":611}},"217":{"start":{"line":218,"column":0},"end":{"line":218,"column":390}},"218":{"start":{"line":219,"column":0},"end":{"line":219,"column":23}},"219":{"start":{"line":220,"column":0},"end":{"line":220,"column":34}},"220":{"start":{"line":221,"column":0},"end":{"line":221,"column":72}},"221":{"start":{"line":222,"column":0},"end":{"line":222,"column":75}},"222":{"start":{"line":223,"column":0},"end":{"line":223,"column":167}},"223":{"start":{"line":224,"column":0},"end":{"line":224,"column":17}},"224":{"start":{"line":225,"column":0},"end":{"line":225,"column":23}},"225":{"start":{"line":226,"column":0},"end":{"line":226,"column":44}},"226":{"start":{"line":227,"column":0},"end":{"line":227,"column":36}},"227":{"start":{"line":228,"column":0},"end":{"line":228,"column":63}},"228":{"start":{"line":229,"column":0},"end":{"line":229,"column":72}},"229":{"start":{"line":230,"column":0},"end":{"line":230,"column":133}},"230":{"start":{"line":231,"column":0},"end":{"line":231,"column":148}},"231":{"start":{"line":232,"column":0},"end":{"line":232,"column":41}},"232":{"start":{"line":233,"column":0},"end":{"line":233,"column":38}},"233":{"start":{"line":234,"column":0},"end":{"line":234,"column":743}},"234":{"start":{"line":235,"column":0},"end":{"line":235,"column":54}},"235":{"start":{"line":236,"column":0},"end":{"line":236,"column":257}},"236":{"start":{"line":237,"column":0},"end":{"line":237,"column":682}},"237":{"start":{"line":238,"column":0},"end":{"line":238,"column":14}},"238":{"start":{"line":239,"column":0},"end":{"line":239,"column":853}},"239":{"start":{"line":240,"column":0},"end":{"line":240,"column":23}},"240":{"start":{"line":241,"column":0},"end":{"line":241,"column":321}},"241":{"start":{"line":242,"column":0},"end":{"line":242,"column":110}},"242":{"start":{"line":243,"column":0},"end":{"line":243,"column":208}},"243":{"start":{"line":244,"column":0},"end":{"line":244,"column":34}},"244":{"start":{"line":245,"column":0},"end":{"line":245,"column":39}},"245":{"start":{"line":246,"column":0},"end":{"line":246,"column":571}},"246":{"start":{"line":247,"column":0},"end":{"line":247,"column":30}},"247":{"start":{"line":248,"column":0},"end":{"line":248,"column":247}},"248":{"start":{"line":249,"column":0},"end":{"line":249,"column":19}},"249":{"start":{"line":250,"column":0},"end":{"line":250,"column":323}},"250":{"start":{"line":251,"column":0},"end":{"line":251,"column":377}},"251":{"start":{"line":252,"column":0},"end":{"line":252,"column":76}},"252":{"start":{"line":253,"column":0},"end":{"line":253,"column":123}},"253":{"start":{"line":254,"column":0},"end":{"line":254,"column":250}},"254":{"start":{"line":255,"column":0},"end":{"line":255,"column":121}},"255":{"start":{"line":256,"column":0},"end":{"line":256,"column":212}},"256":{"start":{"line":257,"column":0},"end":{"line":257,"column":64}},"257":{"start":{"line":258,"column":0},"end":{"line":258,"column":17}},"258":{"start":{"line":259,"column":0},"end":{"line":259,"column":134}},"259":{"start":{"line":260,"column":0},"end":{"line":260,"column":372}},"260":{"start":{"line":261,"column":0},"end":{"line":261,"column":328}},"261":{"start":{"line":262,"column":0},"end":{"line":262,"column":4}},"262":{"start":{"line":263,"column":0},"end":{"line":263,"column":98}},"263":{"start":{"line":264,"column":0},"end":{"line":264,"column":62}},"264":{"start":{"line":265,"column":0},"end":{"line":265,"column":289}},"265":{"start":{"line":266,"column":0},"end":{"line":266,"column":27}},"266":{"start":{"line":267,"column":0},"end":{"line":267,"column":99}},"267":{"start":{"line":268,"column":0},"end":{"line":268,"column":134}},"268":{"start":{"line":269,"column":0},"end":{"line":269,"column":329}},"269":{"start":{"line":270,"column":0},"end":{"line":270,"column":142}},"270":{"start":{"line":271,"column":0},"end":{"line":271,"column":84}},"271":{"start":{"line":272,"column":0},"end":{"line":272,"column":75}},"272":{"start":{"line":273,"column":0},"end":{"line":273,"column":412}},"273":{"start":{"line":274,"column":0},"end":{"line":274,"column":463}},"274":{"start":{"line":275,"column":0},"end":{"line":275,"column":156}},"275":{"start":{"line":276,"column":0},"end":{"line":276,"column":150}},"276":{"start":{"line":277,"column":0},"end":{"line":277,"column":264}},"277":{"start":{"line":278,"column":0},"end":{"line":278,"column":27}},"278":{"start":{"line":279,"column":0},"end":{"line":279,"column":100}},"279":{"start":{"line":280,"column":0},"end":{"line":280,"column":97}},"280":{"start":{"line":281,"column":0},"end":{"line":281,"column":186}},"281":{"start":{"line":282,"column":0},"end":{"line":282,"column":361}},"282":{"start":{"line":283,"column":0},"end":{"line":283,"column":83}},"283":{"start":{"line":284,"column":0},"end":{"line":284,"column":146}},"284":{"start":{"line":285,"column":0},"end":{"line":285,"column":176}},"285":{"start":{"line":286,"column":0},"end":{"line":286,"column":590}},"286":{"start":{"line":287,"column":0},"end":{"line":287,"column":52}},"287":{"start":{"line":288,"column":0},"end":{"line":288,"column":245}},"288":{"start":{"line":289,"column":0},"end":{"line":289,"column":180}},"289":{"start":{"line":290,"column":0},"end":{"line":290,"column":1216}},"290":{"start":{"line":291,"column":0},"end":{"line":291,"column":45}},"291":{"start":{"line":292,"column":0},"end":{"line":292,"column":268}},"292":{"start":{"line":293,"column":0},"end":{"line":293,"column":104}},"293":{"start":{"line":294,"column":0},"end":{"line":294,"column":80}},"294":{"start":{"line":295,"column":0},"end":{"line":295,"column":227}},"295":{"start":{"line":296,"column":0},"end":{"line":296,"column":12}},"296":{"start":{"line":297,"column":0},"end":{"line":297,"column":73}},"297":{"start":{"line":298,"column":0},"end":{"line":298,"column":40}},"298":{"start":{"line":299,"column":0},"end":{"line":299,"column":67}},"299":{"start":{"line":300,"column":0},"end":{"line":300,"column":328}},"300":{"start":{"line":301,"column":0},"end":{"line":301,"column":93}},"301":{"start":{"line":302,"column":0},"end":{"line":302,"column":1}},"302":{"start":{"line":303,"column":0},"end":{"line":303,"column":98}},"303":{"start":{"line":304,"column":0},"end":{"line":304,"column":321}},"304":{"start":{"line":305,"column":0},"end":{"line":305,"column":115}},"305":{"start":{"line":306,"column":0},"end":{"line":306,"column":285}},"306":{"start":{"line":307,"column":0},"end":{"line":307,"column":174}},"307":{"start":{"line":308,"column":0},"end":{"line":308,"column":11}},"308":{"start":{"line":309,"column":0},"end":{"line":309,"column":86}},"309":{"start":{"line":310,"column":0},"end":{"line":310,"column":268}},"310":{"start":{"line":311,"column":0},"end":{"line":311,"column":104}},"311":{"start":{"line":312,"column":0},"end":{"line":312,"column":170}},"312":{"start":{"line":313,"column":0},"end":{"line":313,"column":110}},"313":{"start":{"line":314,"column":0},"end":{"line":314,"column":282}},"314":{"start":{"line":315,"column":0},"end":{"line":315,"column":419}},"315":{"start":{"line":316,"column":0},"end":{"line":316,"column":208}},"316":{"start":{"line":317,"column":0},"end":{"line":317,"column":215}},"317":{"start":{"line":318,"column":0},"end":{"line":318,"column":80}},"318":{"start":{"line":319,"column":0},"end":{"line":319,"column":239}},"319":{"start":{"line":320,"column":0},"end":{"line":320,"column":128}},"320":{"start":{"line":321,"column":0},"end":{"line":321,"column":847}},"321":{"start":{"line":322,"column":0},"end":{"line":322,"column":271}},"322":{"start":{"line":323,"column":0},"end":{"line":323,"column":330}},"323":{"start":{"line":324,"column":0},"end":{"line":324,"column":4}},"324":{"start":{"line":325,"column":0},"end":{"line":325,"column":6}},"325":{"start":{"line":326,"column":0},"end":{"line":326,"column":39}},"326":{"start":{"line":327,"column":0},"end":{"line":327,"column":221}},"327":{"start":{"line":328,"column":0},"end":{"line":328,"column":375}},"328":{"start":{"line":329,"column":0},"end":{"line":329,"column":86}},"329":{"start":{"line":330,"column":0},"end":{"line":330,"column":53}},"330":{"start":{"line":331,"column":0},"end":{"line":331,"column":189}},"331":{"start":{"line":332,"column":0},"end":{"line":332,"column":34}},"332":{"start":{"line":333,"column":0},"end":{"line":333,"column":181}},"333":{"start":{"line":334,"column":0},"end":{"line":334,"column":274}},"334":{"start":{"line":335,"column":0},"end":{"line":335,"column":35}},"335":{"start":{"line":336,"column":0},"end":{"line":336,"column":59}},"336":{"start":{"line":337,"column":0},"end":{"line":337,"column":239}},"337":{"start":{"line":338,"column":0},"end":{"line":338,"column":388}},"338":{"start":{"line":339,"column":0},"end":{"line":339,"column":31}},"339":{"start":{"line":340,"column":0},"end":{"line":340,"column":198}},"340":{"start":{"line":341,"column":0},"end":{"line":341,"column":215}},"341":{"start":{"line":342,"column":0},"end":{"line":342,"column":165}},"342":{"start":{"line":343,"column":0},"end":{"line":343,"column":108}},"343":{"start":{"line":344,"column":0},"end":{"line":344,"column":385}},"344":{"start":{"line":345,"column":0},"end":{"line":345,"column":616}},"345":{"start":{"line":346,"column":0},"end":{"line":346,"column":571}},"346":{"start":{"line":347,"column":0},"end":{"line":347,"column":126}},"347":{"start":{"line":348,"column":0},"end":{"line":348,"column":26}},"348":{"start":{"line":349,"column":0},"end":{"line":349,"column":260}},"349":{"start":{"line":350,"column":0},"end":{"line":350,"column":71}},"350":{"start":{"line":351,"column":0},"end":{"line":351,"column":292}},"351":{"start":{"line":352,"column":0},"end":{"line":352,"column":19}},"352":{"start":{"line":353,"column":0},"end":{"line":353,"column":14}},"353":{"start":{"line":354,"column":0},"end":{"line":354,"column":131}},"354":{"start":{"line":355,"column":0},"end":{"line":355,"column":169}},"355":{"start":{"line":356,"column":0},"end":{"line":356,"column":117}},"356":{"start":{"line":357,"column":0},"end":{"line":357,"column":130}},"357":{"start":{"line":358,"column":0},"end":{"line":358,"column":49}},"358":{"start":{"line":359,"column":0},"end":{"line":359,"column":240}},"359":{"start":{"line":360,"column":0},"end":{"line":360,"column":14}},"360":{"start":{"line":361,"column":0},"end":{"line":361,"column":595}},"361":{"start":{"line":362,"column":0},"end":{"line":362,"column":207}},"362":{"start":{"line":363,"column":0},"end":{"line":363,"column":105}},"363":{"start":{"line":364,"column":0},"end":{"line":364,"column":48}},"364":{"start":{"line":365,"column":0},"end":{"line":365,"column":377}},"365":{"start":{"line":366,"column":0},"end":{"line":366,"column":71}},"366":{"start":{"line":367,"column":0},"end":{"line":367,"column":139}},"367":{"start":{"line":368,"column":0},"end":{"line":368,"column":192}},"368":{"start":{"line":369,"column":0},"end":{"line":369,"column":39}},"369":{"start":{"line":370,"column":0},"end":{"line":370,"column":78}},"370":{"start":{"line":371,"column":0},"end":{"line":371,"column":307}},"371":{"start":{"line":372,"column":0},"end":{"line":372,"column":157}},"372":{"start":{"line":373,"column":0},"end":{"line":373,"column":41}},"373":{"start":{"line":374,"column":0},"end":{"line":374,"column":64}},"374":{"start":{"line":375,"column":0},"end":{"line":375,"column":181}},"375":{"start":{"line":376,"column":0},"end":{"line":376,"column":183}},"376":{"start":{"line":377,"column":0},"end":{"line":377,"column":210}},"377":{"start":{"line":378,"column":0},"end":{"line":378,"column":189}},"378":{"start":{"line":379,"column":0},"end":{"line":379,"column":360}},"379":{"start":{"line":380,"column":0},"end":{"line":380,"column":582}},"380":{"start":{"line":381,"column":0},"end":{"line":381,"column":251}},"381":{"start":{"line":382,"column":0},"end":{"line":382,"column":11}},"382":{"start":{"line":383,"column":0},"end":{"line":383,"column":252}},"383":{"start":{"line":384,"column":0},"end":{"line":384,"column":321}},"384":{"start":{"line":385,"column":0},"end":{"line":385,"column":61}},"385":{"start":{"line":386,"column":0},"end":{"line":386,"column":142}},"386":{"start":{"line":387,"column":0},"end":{"line":387,"column":674}},"387":{"start":{"line":388,"column":0},"end":{"line":388,"column":469}},"388":{"start":{"line":389,"column":0},"end":{"line":389,"column":113}},"389":{"start":{"line":390,"column":0},"end":{"line":390,"column":5}},"390":{"start":{"line":391,"column":0},"end":{"line":391,"column":246}},"391":{"start":{"line":392,"column":0},"end":{"line":392,"column":64}},"392":{"start":{"line":393,"column":0},"end":{"line":393,"column":269}},"393":{"start":{"line":394,"column":0},"end":{"line":394,"column":110}},"394":{"start":{"line":395,"column":0},"end":{"line":395,"column":414}},"395":{"start":{"line":396,"column":0},"end":{"line":396,"column":282}},"396":{"start":{"line":397,"column":0},"end":{"line":397,"column":11}},"397":{"start":{"line":398,"column":0},"end":{"line":398,"column":49}},"398":{"start":{"line":399,"column":0},"end":{"line":399,"column":93}},"399":{"start":{"line":400,"column":0},"end":{"line":400,"column":145}},"400":{"start":{"line":401,"column":0},"end":{"line":401,"column":849}},"401":{"start":{"line":402,"column":0},"end":{"line":402,"column":96}},"402":{"start":{"line":403,"column":0},"end":{"line":403,"column":143}},"403":{"start":{"line":404,"column":0},"end":{"line":404,"column":283}},"404":{"start":{"line":405,"column":0},"end":{"line":405,"column":50}},"405":{"start":{"line":406,"column":0},"end":{"line":406,"column":177}},"406":{"start":{"line":407,"column":0},"end":{"line":407,"column":123}},"407":{"start":{"line":408,"column":0},"end":{"line":408,"column":360}},"408":{"start":{"line":409,"column":0},"end":{"line":409,"column":58}},"409":{"start":{"line":410,"column":0},"end":{"line":410,"column":229}},"410":{"start":{"line":411,"column":0},"end":{"line":411,"column":107}},"411":{"start":{"line":412,"column":0},"end":{"line":412,"column":114}},"412":{"start":{"line":413,"column":0},"end":{"line":413,"column":120}},"413":{"start":{"line":414,"column":0},"end":{"line":414,"column":303}},"414":{"start":{"line":415,"column":0},"end":{"line":415,"column":108}},"415":{"start":{"line":416,"column":0},"end":{"line":416,"column":172}},"416":{"start":{"line":417,"column":0},"end":{"line":417,"column":283}},"417":{"start":{"line":418,"column":0},"end":{"line":418,"column":34}},"418":{"start":{"line":419,"column":0},"end":{"line":419,"column":147}},"419":{"start":{"line":420,"column":0},"end":{"line":420,"column":146}},"420":{"start":{"line":421,"column":0},"end":{"line":421,"column":104}},"421":{"start":{"line":422,"column":0},"end":{"line":422,"column":120}},"422":{"start":{"line":423,"column":0},"end":{"line":423,"column":115}},"423":{"start":{"line":424,"column":0},"end":{"line":424,"column":399}},"424":{"start":{"line":425,"column":0},"end":{"line":425,"column":69}},"425":{"start":{"line":426,"column":0},"end":{"line":426,"column":397}},"426":{"start":{"line":427,"column":0},"end":{"line":427,"column":61}},"427":{"start":{"line":428,"column":0},"end":{"line":428,"column":1339}},"428":{"start":{"line":429,"column":0},"end":{"line":429,"column":720}},"429":{"start":{"line":430,"column":0},"end":{"line":430,"column":154}},"430":{"start":{"line":431,"column":0},"end":{"line":431,"column":32}},"431":{"start":{"line":432,"column":0},"end":{"line":432,"column":507}},"432":{"start":{"line":433,"column":0},"end":{"line":433,"column":618}},"433":{"start":{"line":434,"column":0},"end":{"line":434,"column":65}},"434":{"start":{"line":435,"column":0},"end":{"line":435,"column":412}},"435":{"start":{"line":436,"column":0},"end":{"line":436,"column":170}},"436":{"start":{"line":437,"column":0},"end":{"line":437,"column":251}},"437":{"start":{"line":438,"column":0},"end":{"line":438,"column":4}},"438":{"start":{"line":439,"column":0},"end":{"line":439,"column":19}},"439":{"start":{"line":440,"column":0},"end":{"line":440,"column":44}},"440":{"start":{"line":441,"column":0},"end":{"line":441,"column":100}},"441":{"start":{"line":442,"co
[...]
,"/Users/hyoeun/inplace/Team7_FE/src/mocks/server.ts": {"path":"/Users/hyoeun/inplace/Team7_FE/src/mocks/server.ts","all":false,"statementMap":{"0":{"start":{"line":1,"column":0},"end":{"line":1,"column":39}},"1":{"start":{"line":2,"column":0},"end":{"line":2,"column":46}},"2":{"start":{"line":3,"column":0},"end":{"line":3,"column":50}},"3":{"start":{"line":4,"column":0},"end":{"line":4,"column":44}},"4":{"start":{"line":5,"column":0},"end":{"line":5,"column":46}},"5":{"start":{"line":6,"column":0},"end":{"line":6,"column":0}},"6":{"start":{"line":7,"column":0},"end":{"line":7,"column":94}},"7":{"start":{"line":8,"column":0},"end":{"line":8,"column":22}}},"s":{"0":1,"1":1,"2":1,"3":1,"4":1,"5":1,"6":1,"7":1},"branchMap":{},"b":{},"fnMap":{},"f":{}}
,"/Users/hyoeun/inplace/Team7_FE/src/pages/Main/index.tsx": {"path":"/Users/hyoeun/inplace/Team7_FE/src/pages/Main/index.tsx","all":false,"statementMap":{"0":{"start":{"line":1,"column":0},"end":{"line":1,"column":39}},"1":{"start":{"line":2,"column":0},"end":{"line":2,"column":56}},"2":{"start":{"line":3,"column":0},"end":{"line":3,"column":54}},"3":{"start":{"line":4,"column":0},"end":{"line":4,"column":0}},"4":{"start":{"line":5,"column":0},"end":{"line":5,"column":52}},"5":{"start":{"line":6,"column":0},"end":{"line":6,"column":54}},"6":{"start":{"line":7,"column":0},"end":{"line":7,"column":54}},"7":{"start":{"line":8,"column":0},"end":{"line":8,"column":38}},"8":{"start":{"line":9,"column":0},"end":{"line":9,"column":66}},"9":{"start":{"line":10,"column":0},"end":{"line":10,"column":78}},"10":{"start":{"line":11,"column":0},"end":{"line":11,"column":52}},"11":{"start":{"line":12,"column":0},"end":{"line":12,"column":66}},"12":{"start":{"line":13,"column":0},"end":{"line":13,"column":0}},"13":{"start":{"line":14,"column":0},"end":{"line":14,"column":20}},"14":{"start":{"line":15,"column":0},"end":{"line":15,"column":12}},"15":{"start":{"line":16,"column":0},"end":{"line":16,"column":5}},"16":{"start":{"line":17,"column":0},"end":{"line":17,"column":18}},"17":{"start":{"line":18,"column":0},"end":{"line":18,"column":19}},"18":{"start":{"line":19,"column":0},"end":{"line":19,"column":32}},"19":{"start":{"line":20,"column":0},"end":{"line":20,"column":27}},"20":{"start":{"line":21,"column":0},"end":{"line":21,"column":25}},"21":{"start":{"line":22,"column":0},"end":{"line":22,"column":6}},"22":{"start":{"line":23,"column":0},"end":{"line":23,"column":5}},"23":{"start":{"line":24,"column":0},"end":{"line":24,"column":18}},"24":{"start":{"line":25,"column":0},"end":{"line":25,"column":19}},"25":{"start":{"line":26,"column":0},"end":{"line":26,"column":32}},"26":{"start":{"line":27,"column":0},"end":{"line":27,"column":27}},"27":{"start":{"line":28,"column":0},"end":{"line":28,"column":21}},"28":{"start":{"line":29,"column":0},"end":{"line":29,"column":6}},"29":{"start":{"line":30,"column":0},"end":{"line":30,"column":5}},"30":{"start":{"line":31,"column":0},"end":{"line":31,"column":18}},"31":{"start":{"line":32,"column":0},"end":{"line":32,"column":19}},"32":{"start":{"line":33,"column":0},"end":{"line":33,"column":32}},"33":{"start":{"line":34,"column":0},"end":{"line":34,"column":27}},"34":{"start":{"line":35,"column":0},"end":{"line":35,"column":21}},"35":{"start":{"line":36,"column":0},"end":{"line":36,"column":6}},"36":{"start":{"line":37,"column":0},"end":{"line":37,"column":5}},"37":{"start":{"line":38,"column":0},"end":{"line":38,"column":18}},"38":{"start":{"line":39,"column":0},"end":{"line":39,"column":19}},"39":{"start":{"line":40,"column":0},"end":{"line":40,"column":32}},"40":{"start":{"line":41,"column":0},"end":{"line":41,"column":27}},"41":{"start":{"line":42,"column":0},"end":{"line":42,"column":22}},"42":{"start":{"line":43,"column":0},"end":{"line":43,"column":6}},"43":{"start":{"line":44,"column":0},"end":{"line":44,"column":5}},"44":{"start":{"line":45,"column":0},"end":{"line":45,"column":18}},"45":{"start":{"line":46,"column":0},"end":{"line":46,"column":19}},"46":{"start":{"line":47,"column":0},"end":{"line":47,"column":32}},"47":{"start":{"line":48,"column":0},"end":{"line":48,"column":27}},"48":{"start":{"line":49,"column":0},"end":{"line":49,"column":24}},"49":{"start":{"line":50,"column":0},"end":{"line":50,"column":6}},"50":{"start":{"line":51,"column":0},"end":{"line":51,"column":4}},"51":{"start":{"line":52,"column":0},"end":{"line":52,"column":2}},"52":{"start":{"line":53,"column":0},"end":{"line":53,"column":20}},"53":{"start":{"line":54,"column":0},"end":{"line":54,"column":10}},"54":{"start":{"line":55,"column":0},"end":{"line":55,"column":11}},"55":{"start":{"line":56,"column":0},"end":{"line":56,"column":11}},"56":{"start":{"line":57,"column":0},"end":{"line":57,"column":15}},"57":{"start":{"line":58,"column":0},"end":{"line":58,"column":8}},"58":{"start":{"line":59,"column":0},"end":{"line":59,"column":10}},"59":{"start":{"line":60,"column":0},"end":{"line":60,"column":10}},"60":{"start":{"line":61,"column":0},"end":{"line":61,"column":9}},"61":{"start":{"line":62,"column":0},"end":{"line":62,"column":12}},"62":{"start":{"line":63,"column":0},"end":{"line":63,"column":2}},"63":{"start":{"line":64,"column":0},"end":{"line":64,"column":36}},"64":{"start":{"line":65,"column":0},"end":{"line":65,"column":29}},"65":{"start":{"line":66,"column":0},"end":{"line":66,"column":36}},"66":{"start":{"line":67,"column":0},"end":{"line":67,"column":0}},"67":{"start":{"line":68,"column":0},"end":{"line":68,"column":51}},"68":{"start":{"line":69,"column":0},"end":{"line":69,"column":101}},"69":{"start":{"line":70,"column":0},"end":{"line":70,"column":90}},"70":{"start":{"line":71,"column":0},"end":{"line":71,"column":54}},"71":{"start":{"line":72,"column":0},"end":{"line":72,"column":29}},"72":{"start":{"line":73,"column":0},"end":{"line":73,"column":29}},"73":{"start":{"line":74,"column":0},"end":{"line":74,"column":65}},"74":{"start":{"line":75,"column":0},"end":{"line":75,"column":4}},"75":{"start":{"line":76,"column":0},"end":{"line":76,"column":0}},"76":{"start":{"line":77,"column":0},"end":{"line":77,"column":10}},"77":{"start":{"line":78,"column":0},"end":{"line":78,"column":13}},"78":{"start":{"line":79,"column":0},"end":{"line":79,"column":70}},"79":{"start":{"line":80,"column":0},"end":{"line":80,"column":47}},"80":{"start":{"line":81,"column":0},"end":{"line":81,"column":17}},"81":{"start":{"line":82,"column":0},"end":{"line":82,"column":25}},"82":{"start":{"line":83,"column":0},"end":{"line":83,"column":24}},"83":{"start":{"line":84,"column":0},"end":{"line":84,"column":35}},"84":{"start":{"line":85,"column":0},"end":{"line":85,"column":43}},"85":{"start":{"line":86,"column":0},"end":{"line":86,"column":8}},"86":{"start":{"line":87,"column":0},"end":{"line":87,"column":31}},"87":{"start":{"line":88,"column":0},"end":{"line":88,"column":10}},"88":{"start":{"line":89,"column":0},"end":{"line":89,"column":21}},"89":{"start":{"line":90,"column":0},"end":{"line":90,"column":23}},"90":{"start":{"line":91,"column":0},"end":{"line":91,"column":28}},"91":{"start":{"line":92,"column":0},"end":{"line":92,"column":28}},"92":{"start":{"line":93,"column":0},"end":{"line":93,"column":31}},"93":{"start":{"line":94,"column":0},"end":{"line":94,"column":56}},"94":{"start":{"line":95,"column":0},"end":{"line":95,"column":12}},"95":{"start":{"line":96,"column":0},"end":{"line":96,"column":46}},"96":{"start":{"line":97,"column":0},"end":{"line":97,"column":23}},"97":{"start":{"line":98,"column":0},"end":{"line":98,"column":25}},"98":{"start":{"line":99,"column":0},"end":{"line":99,"column":30}},"99":{"start":{"line":100,"column":0},"end":{"line":100,"column":27}},"100":{"start":{"line":101,"column":0},"end":{"line":101,"column":32}},"101":{"start":{"line":102,"column":0},"end":{"line":102,"column":52}},"102":{"start":{"line":103,"column":0},"end":{"line":103,"column":14}},"103":{"start":{"line":104,"column":0},"end":{"line":104,"column":12}},"104":{"start":{"line":105,"column":0},"end":{"line":105,"column":11}},"105":{"start":{"line":106,"column":0},"end":{"line":106,"column":11}},"106":{"start":{"line":107,"column":0},"end":{"line":107,"column":10}},"107":{"start":{"line":108,"column":0},"end":{"line":108,"column":21}},"108":{"start":{"line":109,"column":0},"end":{"line":109,"column":23}},"109":{"start":{"line":110,"column":0},"end":{"line":110,"column":29}},"110":{"start":{"line":111,"column":0},"end":{"line":111,"column":24}},"111":{"start":{"line":112,"column":0},"end":{"line":112,"column":28}},"112":{"start":{"line":113,"column":0},"end":{"line":113,"column":48}},"113":{"start":{"line":114,"column":0},"end":{"line":114,"column":12}},"114":{"start":{"line":115,"column":0},"end":{"line":115,"column":105}},"115":{"start":{"line":116,"column":0},"end":{"line":116,"column":11}},"116":{"start":{"line":117,"column":0},"end":{"line":117,"column":8}},"117":{"start":{"line":118,"column":0},"end":{"line":118,"column":14}},"118":{"start":{"line":119,"column":0},"end":{"line":119,"column":4}},"119":{"start":{"line":120,"column":0},"end":{"line":120,"column":1}},"120":{"start":{"line":121,"column":0},"end":{"line":121,"column":27}},"121":{"start":{"line":122,"column":0},"end":{"line":122,"column":16}},"122":{"start":{"line":123,"column":0},"end":{"line":123,"column":25}},"123":{"start":{"line":124,"column":0},"end":{"line":124,"column":12}},"124":{"start":{"line":125,"column":0},"end":{"line":125,"column":2}}},"s":{"0":1,"1":1,"2":1,"3":1,"4":1,"5":1,"6":1,"7":1,"8":1,"9":1,"10":1,"11":1,"12":1,"13":1,"14":1,"15":1,"16":1,"17":1,"18":1,"19":1,"20":1,"21":1,"22":1,"23":1,"24":1,"25":1,"26":1,"27":1,"28":1,"29":1,"30":1,"31":1,"32":1,"33":1,"34":1,"35":1,"36":1,"37":1,"38":1,"39":1,"40":1,"41":1,"42":1,"43":1,"44":1,"45":1,"46":1,"47":1,"48":1,"49":1,"50":1,"51":1,"52":1,"53":1,"54":1,"55":1,"56":1,"57":1,"58":1,"59":1,"60":1,"61":1,"62":1,"63":2,"64":2,"65":2,"66":2,"67":2,"68":2,"69":2,"70":2,"71":2,"72":2,"73":2,"74":2,"75":2,"76":2,"77":2,"78":2,"79":2,"80":2,"81":2,"82":2,"83":2,"84":2,"85":2,"86":2,"87":1,"88":1,"89":1,"90":1,"91":1,"92":1,"93":1,"94":1,"95":1,"96":1,"97":1,"98":1,"99":1,"100":1,"101":1,"102":1,"103":1,"104":1,"105":2,"106":0,"107":0,"108":0,"109":0,"110":0,"111":0,"112":0,"113":0,"114":0,"115":0,"116":2,"117":2,"118":2,"119":2,"120":1,"121":1,"122":1,"123":1,"124":1},"branchMap":{"0":{"type":"branch","line":64,"loc":{"start":{"line":64,"column":0},"end":{"line":120,"column":1}},"locations":[{"start":{"line":64,"column":0},"end":{"line":120,"column":1}}]},"1":{"type":"branch","line":72,"loc":{"start":{"line":72,"column":12},"end":{"line":72,"column":17}},"locations":[{"start":{"line":72,"column":12},"end":{"line":72,"column":17}}]},"2":{"type":"branch","line":72,"loc":{"start":{"line":72,"column":17},"end":{"line":72,"column":28}},"locations":[{"start":{"line":72,"column":17},"end":{"line":72,"column":28}}]},"3":{"type":"branch","line":73,"loc":{"start":{"line":73,"column":12},"end":{"line":73,"column":17}},"locations":[{"start":{"line":73,"column":12},"end":{"line":73,"column":17}}]},"4":{"type":"branch","line":73,"loc":{"start":{"line":73,"column":17},"end":{"line":73,"column":28}},"locations":[{"start":{"line":73,"column":17},"end":{"line":73,"column":28}}]},"5":{"type":"branch","line":74,"loc":{"start":{"line":74,"column":26},"end":{"line":74,"column":45}},"locations":[{"start":{"line":74,"column":26},"end":{"line":74,"column":45}}]},"6":{"type":"branch","line":74,"loc":{"start":{"line":74,"column":45},"end":{"line":74,"column":64}},"locations":[{"start":{"line":74,"column":45},"end":{"line":74,"column":64}}]},"7":{"type":"branch","line":87,"loc":{"start":{"line":87,"column":28},"end":{"line":105,"column":11}},"locations":[{"start":{"line":87,"column":28},"end":{"line":105,"column":11}}]},"8":{"type":"branch","line":94,"loc":{"start":{"line":94,"column":40},"end":{"line":94,"column":49}},"locations":[{"start":{"line":94,"column":40},"end":{"line":94,"column":49}}]},"9":{"type":"branch","line":102,"loc":{"start":{"line":102,"column":45},"end":{"line":102,"column":51}},"locations":[{"start":{"line":102,"column":45},"end":{"line":102,"column":51}}]},"10":{"type":"branch","line":106,"loc":{"start":{"line":106,"column":8},"end":{"line":116,"column":11}},"locations":[{"start":{"line":106,"column":8},"end":{"line":116,"column":11}}]}},"b":{"0":[2],"1":[1],"2":[0],"3":[1],"4":[0],"5":[1],"6":[1],"7":[1],"8":[0],"9":[0],"10":[0]},"fnMap":{"0":{"name":"MainPage","decl":{"start":{"line":64,"column":0},"end":{"line":120,"column":1}},"loc":{"start":{"line":64,"column":0},"end":{"line":120,"column":1}},"line":64}},"f":{"0":2}}
,"/Users/hyoeun/inplace/Team7_FE/src/provider/Auth/index.tsx": {"path":"/Users/hyoeun/inplace/Team7_FE/src/provider/Auth/index.tsx","all":false,"statementMap":{"0":{"start":{"line":1,"column":0},"end":{"line":1,"column":68}},"1":{"start":{"line":2,"column":0},"end":{"line":2,"column":32}},"2":{"start":{"line":3,"column":0},"end":{"line":3,"column":47}},"3":{"start":{"line":4,"column":0},"end":{"line":4,"column":47}},"4":{"start":{"line":5,"column":0},"end":{"line":5,"column":0}},"5":{"start":{"line":6,"column":0},"end":{"line":6,"column":17}},"6":{"start":{"line":7,"column":0},"end":{"line":7,"column":29}},"7":{"start":{"line":8,"column":0},"end":{"line":8,"column":30}},"8":{"start":{"line":9,"column":0},"end":{"line":9,"column":37}},"9":{"start":{"line":10,"column":0},"end":{"line":10,"column":21}},"10":{"start":{"line":11,"column":0},"end":{"line":11,"column":2}},"11":{"start":{"line":12,"column":0},"end":{"line":12,"column":0}},"12":{"start":{"line":13,"column":0},"end":{"line":13,"column":74}},"13":{"start":{"line":14,"column":0},"end":{"line":14,"column":0}},"14":{"start":{"line":15,"column":0},"end":{"line":15,"column":29}},"15":{"start":{"line":16,"column":0},"end":{"line":16,"column":28}},"16":{"start":{"line":17,"column":0},"end":{"line":17,"column":1}},"17":{"start":{"line":18,"column":0},"end":{"line":18,"column":0}},"18":{"start":{"line":19,"column":0},"end":{"line":19,"column":71}},"19":{"start":{"line":20,"column":0},"end":{"line":20,"column":101}},"20":{"start":{"line":21,"column":0},"end":{"line":21,"column":104}},"21":{"start":{"line":22,"column":0},"end":{"line":22,"column":33}},"22":{"start":{"line":23,"column":0},"end":{"line":23,"column":0}},"23":{"start":{"line":24,"column":0},"end":{"line":24,"column":37}},"24":{"start":{"line":25,"column":0},"end":{"line":25,"column":30}},"25":{"start":{"line":26,"column":0},"end":{"line":26,"column":0}},"26":{"start":{"line":27,"column":0},"end":{"line":27,"column":9}},"27":{"start":{"line":28,"column":0},"end":{"line":28,"column":66}},"28":{"start":{"line":29,"column":0},"end":{"line":29,"column":18}},"29":{"start":{"line":30,"column":0},"end":{"line":30,"column":50}},"30":{"start":{"line":31,"column":0},"end":{"line":31,"column":10}},"31":{"start":{"line":32,"column":0},"end":{"line":32,"column":9}},"32":{"start":{"line":33,"column":0},"end":{"line":33,"column":0}},"33":{"start":{"line":34,"column":0},"end":{"line":34,"column":36}},"34":{"start":{"line":35,"column":0},"end":{"line":35,"column":93}},"35":{"start":{"line":36,"column":0},"end":{"line":36,"column":39}},"36":{"start":{"line":37,"column":0},"end":{"line":37,"column":41}},"37":{"start":{"line":38,"column":0},"end":{"line":38,"column":0}},"38":{"start":{"line":39,"column":0},"end":{"line":39,"column":22}},"39":{"start":{"line":40,"column":0},"end":{"line":40,"column":90}},"40":{"start":{"line":41,"column":0},"end":{"line":41,"column":92}},"41":{"start":{"line":42,"column":0},"end":{"line":42,"column":14}},"42":{"start":{"line":43,"column":0},"end":{"line":43,"column":36}},"43":{"start":{"line":44,"column":0},"end":{"line":44,"column":7}},"44":{"start":{"line":45,"column":0},"end":{"line":45,"column":21}},"45":{"start":{"line":46,"column":0},"end":{"line":46,"column":40}},"46":{"start":{"line":47,"column":0},"end":{"line":47,"column":15}},"47":{"start":{"line":48,"column":0},"end":{"line":48,"column":5}},"48":{"start":{"line":49,"column":0},"end":{"line":49,"column":4}},"49":{"start":{"line":50,"column":0},"end":{"line":50,"column":0}},"50":{"start":{"line":51,"column":0},"end":{"line":51,"column":24}},"51":{"start":{"line":52,"column":0},"end":{"line":52,"column":35}},"52":{"start":{"line":53,"column":0},"end":{"line":53,"column":36}},"53":{"start":{"line":54,"column":0},"end":{"line":54,"column":25}},"54":{"start":{"line":55,"column":0},"end":{"line":55,"column":26}},"55":{"start":{"line":56,"column":0},"end":{"line":56,"column":18}},"56":{"start":{"line":57,"column":0},"end":{"line":57,"column":4}},"57":{"start":{"line":58,"column":0},"end":{"line":58,"column":0}},"58":{"start":{"line":59,"column":0},"end":{"line":59,"column":19}},"59":{"start":{"line":60,"column":0},"end":{"line":60,"column":39}},"60":{"start":{"line":61,"column":0},"end":{"line":61,"column":22}},"61":{"start":{"line":62,"column":0},"end":{"line":62,"column":5}},"62":{"start":{"line":63,"column":0},"end":{"line":63,"column":34}},"63":{"start":{"line":64,"column":0},"end":{"line":64,"column":0}},"64":{"start":{"line":65,"column":0},"end":{"line":65,"column":24}},"65":{"start":{"line":66,"column":0},"end":{"line":66,"column":12}},"66":{"start":{"line":67,"column":0},"end":{"line":67,"column":18}},"67":{"start":{"line":68,"column":0},"end":{"line":68,"column":19}},"68":{"start":{"line":69,"column":0},"end":{"line":69,"column":20}},"69":{"start":{"line":70,"column":0},"end":{"line":70,"column":13}},"70":{"start":{"line":71,"column":0},"end":{"line":71,"column":7}},"71":{"start":{"line":72,"column":0},"end":{"line":72,"column":32}},"72":{"start":{"line":73,"column":0},"end":{"line":73,"column":4}},"73":{"start":{"line":74,"column":0},"end":{"line":74,"column":0}},"74":{"start":{"line":75,"column":0},"end":{"line":75,"column":79}},"75":{"start":{"line":76,"column":0},"end":{"line":76,"column":1}}},"s":{"0":1,"1":1,"2":1,"3":1,"4":1,"5":1,"6":1,"7":1,"8":1,"9":1,"10":1,"11":1,"12":1,"13":1,"14":1,"15":1,"16":1,"17":1,"18":0,"19":0,"20":0,"21":0,"22":0,"23":0,"24":0,"25":0,"26":0,"27":0,"28":0,"29":0,"30":0,"31":0,"32":0,"33":0,"34":0,"35":0,"36":0,"37":0,"38":0,"39":0,"40":0,"41":0,"42":0,"43":0,"44":0,"45":0,"46":0,"47":0,"48":0,"49":0,"50":0,"51":0,"52":0,"53":0,"54":0,"55":0,"56":0,"57":0,"58":0,"59":0,"60":0,"61":0,"62":0,"63":0,"64":0,"65":0,"66":0,"67":0,"68":0,"69":0,"70":0,"71":0,"72":0,"73":0,"74":0,"75":0},"branchMap":{},"b":{},"fnMap":{"0":{"name":"AuthProvider","decl":{"start":{"line":19,"column":0},"end":{"line":76,"column":1}},"loc":{"start":{"line":19,"column":0},"end":{"line":76,"column":1}},"line":19}},"f":{"0":0}}
}
